[0.146s] DEBUG:colcon:Command line arguments: ['/usr/bin/colcon', 'build']
[0.146s] DEBUG:colcon:Parsed command line arguments: Namespace(log_base=None, log_level=None, verb_name='build', build_base='build', install_base='install', merge_install=False, symlink_install=False, test_result_base=None, continue_on_error=False, executor='parallel', parallel_workers=12, event_handlers=None, ignore_user_meta=False, metas=['./colcon.meta'], base_paths=['.'], packages_ignore=None, packages_ignore_regex=None, paths=None, packages_up_to=None, packages_up_to_regex=None, packages_above=None, packages_above_and_dependencies=None, packages_above_depth=None, packages_select_by_dep=None, packages_skip_by_dep=None, packages_skip_up_to=None, packages_select_build_failed=False, packages_skip_build_finished=False, packages_select_test_failures=False, packages_skip_test_passed=False, packages_select=None, packages_skip=None, packages_select_regex=None, packages_skip_regex=None, packages_start=None, packages_end=None, allow_overriding=[], cmake_args=None, cmake_target=None, cmake_target_skip_unavailable=False, cmake_clean_cache=False, cmake_clean_first=False, cmake_force_configure=False, ament_cmake_args=None, catkin_cmake_args=None, catkin_skip_building_tests=False, mixin_files=None, mixin=None, verb_parser=<colcon_mixin.mixin.mixin_argument.MixinArgumentDecorator object at 0x7e386c546590>, verb_extension=<colcon_core.verb.build.BuildVerb object at 0x7e386c546080>, main=<bound method BuildVerb.main of <colcon_core.verb.build.BuildVerb object at 0x7e386c546080>>, mixin_verb=('build',))
[0.305s] Level 1:colcon.colcon_core.package_discovery:discover_packages(colcon_meta) check parameters
[0.305s] Level 1:colcon.colcon_core.package_discovery:discover_packages(recursive) check parameters
[0.305s] Level 1:colcon.colcon_core.package_discovery:discover_packages(ignore) check parameters
[0.305s] Level 1:colcon.colcon_core.package_discovery:discover_packages(path) check parameters
[0.305s] Level 1:colcon.colcon_core.package_discovery:discover_packages(colcon_meta) discover
[0.305s] Level 1:colcon.colcon_core.package_discovery:discover_packages(recursive) discover
[0.305s] INFO:colcon.colcon_core.package_discovery:Crawling recursively for packages in '/home/pboon09/turtlebot3_ws'
[0.306s] Level 1:colcon.colcon_core.package_identification:_identify(.) by extensions ['ignore', 'ignore_ament_install']
[0.306s] Level 1:colcon.colcon_core.package_identification:_identify(.) by extension 'ignore'
[0.306s] Level 1:colcon.colcon_core.package_identification:_identify(.) by extension 'ignore_ament_install'
[0.306s] Level 1:colcon.colcon_core.package_identification:_identify(.) by extensions ['colcon_pkg']
[0.306s] Level 1:colcon.colcon_core.package_identification:_identify(.) by extension 'colcon_pkg'
[0.306s] Level 1:colcon.colcon_core.package_identification:_identify(.) by extensions ['colcon_meta']
[0.306s] Level 1:colcon.colcon_core.package_identification:_identify(.) by extension 'colcon_meta'
[0.306s] Level 1:colcon.colcon_core.package_identification:_identify(.) by extensions ['ros']
[0.306s] Level 1:colcon.colcon_core.package_identification:_identify(.) by extension 'ros'
[0.316s] Level 1:colcon.colcon_core.package_identification:_identify(.) by extensions ['cmake', 'python']
[0.316s] Level 1:colcon.colcon_core.package_identification:_identify(.) by extension 'cmake'
[0.316s] Level 1:colcon.colcon_core.package_identification:_identify(.) by extension 'python'
[0.316s] Level 1:colcon.colcon_core.package_identification:_identify(.) by extensions ['python_setup_py']
[0.316s] Level 1:colcon.colcon_core.package_identification:_identify(.) by extension 'python_setup_py'
[0.316s] Level 1:colcon.colcon_core.package_identification:_identify(build) by extensions ['ignore', 'ignore_ament_install']
[0.316s] Level 1:colcon.colcon_core.package_identification:_identify(build) by extension 'ignore'
[0.316s] Level 1:colcon.colcon_core.package_identification:_identify(build) ignored
[0.316s] Level 1:colcon.colcon_core.package_identification:_identify(install) by extensions ['ignore', 'ignore_ament_install']
[0.316s] Level 1:colcon.colcon_core.package_identification:_identify(install) by extension 'ignore'
[0.316s] Level 1:colcon.colcon_core.package_identification:_identify(install) ignored
[0.316s] Level 1:colcon.colcon_core.package_identification:_identify(log) by extensions ['ignore', 'ignore_ament_install']
[0.316s] Level 1:colcon.colcon_core.package_identification:_identify(log) by extension 'ignore'
[0.316s] Level 1:colcon.colcon_core.package_identification:_identify(log) ignored
[0.316s] Level 1:colcon.colcon_core.package_identification:_identify(src) by extensions ['ignore', 'ignore_ament_install']
[0.317s] Level 1:colcon.colcon_core.package_identification:_identify(src) by extension 'ignore'
[0.317s] Level 1:colcon.colcon_core.package_identification:_identify(src) by extension 'ignore_ament_install'
[0.317s] Level 1:colcon.colcon_core.package_identification:_identify(src) by extensions ['colcon_pkg']
[0.317s] Level 1:colcon.colcon_core.package_identification:_identify(src) by extension 'colcon_pkg'
[0.317s] Level 1:colcon.colcon_core.package_identification:_identify(src) by extensions ['colcon_meta']
[0.317s] Level 1:colcon.colcon_core.package_identification:_identify(src) by extension 'colcon_meta'
[0.317s] Level 1:colcon.colcon_core.package_identification:_identify(src) by extensions ['ros']
[0.317s] Level 1:colcon.colcon_core.package_identification:_identify(src) by extension 'ros'
[0.317s] Level 1:colcon.colcon_core.package_identification:_identify(src) by extensions ['cmake', 'python']
[0.317s] Level 1:colcon.colcon_core.package_identification:_identify(src) by extension 'cmake'
[0.317s] Level 1:colcon.colcon_core.package_identification:_identify(src) by extension 'python'
[0.317s] Level 1:colcon.colcon_core.package_identification:_identify(src) by extensions ['python_setup_py']
[0.317s] Level 1:colcon.colcon_core.package_identification:_identify(src) by extension 'python_setup_py'
[0.317s] Level 1:colcon.colcon_core.package_identification:_identify(src/turtlebot3_fake_node) by extensions ['ignore', 'ignore_ament_install']
[0.317s] Level 1:colcon.colcon_core.package_identification:_identify(src/turtlebot3_fake_node) by extension 'ignore'
[0.317s] Level 1:colcon.colcon_core.package_identification:_identify(src/turtlebot3_fake_node) by extension 'ignore_ament_install'
[0.317s] Level 1:colcon.colcon_core.package_identification:_identify(src/turtlebot3_fake_node) by extensions ['colcon_pkg']
[0.317s] Level 1:colcon.colcon_core.package_identification:_identify(src/turtlebot3_fake_node) by extension 'colcon_pkg'
[0.317s] Level 1:colcon.colcon_core.package_identification:_identify(src/turtlebot3_fake_node) by extensions ['colcon_meta']
[0.317s] Level 1:colcon.colcon_core.package_identification:_identify(src/turtlebot3_fake_node) by extension 'colcon_meta'
[0.317s] Level 1:colcon.colcon_core.package_identification:_identify(src/turtlebot3_fake_node) by extensions ['ros']
[0.317s] Level 1:colcon.colcon_core.package_identification:_identify(src/turtlebot3_fake_node) by extension 'ros'
[0.320s] DEBUG:colcon.colcon_core.package_identification:Package 'src/turtlebot3_fake_node' with type 'ros.ament_cmake' and name 'turtlebot3_fake_node'
[0.320s] Level 1:colcon.colcon_core.package_identification:_identify(src/turtlebot3_gazebo) by extensions ['ignore', 'ignore_ament_install']
[0.320s] Level 1:colcon.colcon_core.package_identification:_identify(src/turtlebot3_gazebo) by extension 'ignore'
[0.320s] Level 1:colcon.colcon_core.package_identification:_identify(src/turtlebot3_gazebo) by extension 'ignore_ament_install'
[0.320s] Level 1:colcon.colcon_core.package_identification:_identify(src/turtlebot3_gazebo) by extensions ['colcon_pkg']
[0.320s] Level 1:colcon.colcon_core.package_identification:_identify(src/turtlebot3_gazebo) by extension 'colcon_pkg'
[0.320s] Level 1:colcon.colcon_core.package_identification:_identify(src/turtlebot3_gazebo) by extensions ['colcon_meta']
[0.320s] Level 1:colcon.colcon_core.package_identification:_identify(src/turtlebot3_gazebo) by extension 'colcon_meta'
[0.320s] Level 1:colcon.colcon_core.package_identification:_identify(src/turtlebot3_gazebo) by extensions ['ros']
[0.320s] Level 1:colcon.colcon_core.package_identification:_identify(src/turtlebot3_gazebo) by extension 'ros'
[0.321s] DEBUG:colcon.colcon_core.package_identification:Package 'src/turtlebot3_gazebo' with type 'ros.ament_cmake' and name 'turtlebot3_gazebo'
[0.321s] Level 1:colcon.colcon_core.package_identification:_identify(src/turtlebot3_simulations) by extensions ['ignore', 'ignore_ament_install']
[0.321s] Level 1:colcon.colcon_core.package_identification:_identify(src/turtlebot3_simulations) by extension 'ignore'
[0.321s] Level 1:colcon.colcon_core.package_identification:_identify(src/turtlebot3_simulations) by extension 'ignore_ament_install'
[0.321s] Level 1:colcon.colcon_core.package_identification:_identify(src/turtlebot3_simulations) by extensions ['colcon_pkg']
[0.321s] Level 1:colcon.colcon_core.package_identification:_identify(src/turtlebot3_simulations) by extension 'colcon_pkg'
[0.321s] Level 1:colcon.colcon_core.package_identification:_identify(src/turtlebot3_simulations) by extensions ['colcon_meta']
[0.321s] Level 1:colcon.colcon_core.package_identification:_identify(src/turtlebot3_simulations) by extension 'colcon_meta'
[0.321s] Level 1:colcon.colcon_core.package_identification:_identify(src/turtlebot3_simulations) by extensions ['ros']
[0.321s] Level 1:colcon.colcon_core.package_identification:_identify(src/turtlebot3_simulations) by extension 'ros'
[0.322s] DEBUG:colcon.colcon_core.package_identification:Package 'src/turtlebot3_simulations' with type 'ros.ament_cmake' and name 'turtlebot3_simulations'
[0.322s] Level 1:colcon.colcon_core.package_discovery:discover_packages(recursive) using defaults
[0.322s] Level 1:colcon.colcon_core.package_discovery:discover_packages(ignore) discover
[0.322s] Level 1:colcon.colcon_core.package_discovery:discover_packages(ignore) using defaults
[0.322s] Level 1:colcon.colcon_core.package_discovery:discover_packages(path) discover
[0.322s] Level 1:colcon.colcon_core.package_discovery:discover_packages(path) using defaults
[0.351s] Level 1:colcon.colcon_core.package_discovery:discover_packages(prefix_path) check parameters
[0.351s] Level 1:colcon.colcon_core.package_discovery:discover_packages(prefix_path) discover
[0.358s] DEBUG:colcon.colcon_installed_package_information.package_discovery:Found 39 installed packages in /home/pboon09/microros_ws/install
[0.358s] DEBUG:colcon.colcon_installed_package_information.package_discovery:Found 3 installed packages in /home/pboon09/wrg_ros/install
[0.359s] DEBUG:colcon.colcon_installed_package_information.package_discovery:Found 3 installed packages in /home/pboon09/turtlebot3_ws/install
[0.359s] DEBUG:colcon.colcon_installed_package_information.package_discovery:Found 2 installed packages in /home/pboon09/ros2_level2/install
[0.360s] DEBUG:colcon.colcon_installed_package_information.package_discovery:Found 13 installed packages in /home/pboon09/ros2_ws/install
[0.361s] DEBUG:colcon.colcon_installed_package_information.package_discovery:Found 399 installed packages in /opt/ros/humble
[0.365s] Level 1:colcon.colcon_core.package_discovery:discover_packages(prefix_path) using defaults
[0.437s] Level 5:colcon.colcon_core.verb:set package 'turtlebot3_fake_node' build argument 'cmake_args' from command line to 'None'
[0.437s] Level 5:colcon.colcon_core.verb:set package 'turtlebot3_fake_node' build argument 'cmake_target' from command line to 'None'
[0.437s] Level 5:colcon.colcon_core.verb:set package 'turtlebot3_fake_node' build argument 'cmake_target_skip_unavailable' from command line to 'False'
[0.437s] Level 5:colcon.colcon_core.verb:set package 'turtlebot3_fake_node' build argument 'cmake_clean_cache' from command line to 'False'
[0.437s] Level 5:colcon.colcon_core.verb:set package 'turtlebot3_fake_node' build argument 'cmake_clean_first' from command line to 'False'
[0.437s] Level 5:colcon.colcon_core.verb:set package 'turtlebot3_fake_node' build argument 'cmake_force_configure' from command line to 'False'
[0.437s] Level 5:colcon.colcon_core.verb:set package 'turtlebot3_fake_node' build argument 'ament_cmake_args' from command line to 'None'
[0.437s] Level 5:colcon.colcon_core.verb:set package 'turtlebot3_fake_node' build argument 'catkin_cmake_args' from command line to 'None'
[0.437s] Level 5:colcon.colcon_core.verb:set package 'turtlebot3_fake_node' build argument 'catkin_skip_building_tests' from command line to 'False'
[0.437s] DEBUG:colcon.colcon_core.verb:Building package 'turtlebot3_fake_node' with the following arguments: {'ament_cmake_args': None, 'build_base': '/home/pboon09/turtlebot3_ws/build/turtlebot3_fake_node', 'catkin_cmake_args': None, 'catkin_skip_building_tests': False, 'cmake_args': None, 'cmake_clean_cache': False, 'cmake_clean_first': False, 'cmake_force_configure': False, 'cmake_target': None, 'cmake_target_skip_unavailable': False, 'install_base': '/home/pboon09/turtlebot3_ws/install/turtlebot3_fake_node', 'merge_install': False, 'path': '/home/pboon09/turtlebot3_ws/src/turtlebot3_fake_node', 'symlink_install': False, 'test_result_base': None}
[0.437s] Level 5:colcon.colcon_core.verb:set package 'turtlebot3_gazebo' build argument 'cmake_args' from command line to 'None'
[0.437s] Level 5:colcon.colcon_core.verb:set package 'turtlebot3_gazebo' build argument 'cmake_target' from command line to 'None'
[0.437s] Level 5:colcon.colcon_core.verb:set package 'turtlebot3_gazebo' build argument 'cmake_target_skip_unavailable' from command line to 'False'
[0.437s] Level 5:colcon.colcon_core.verb:set package 'turtlebot3_gazebo' build argument 'cmake_clean_cache' from command line to 'False'
[0.437s] Level 5:colcon.colcon_core.verb:set package 'turtlebot3_gazebo' build argument 'cmake_clean_first' from command line to 'False'
[0.437s] Level 5:colcon.colcon_core.verb:set package 'turtlebot3_gazebo' build argument 'cmake_force_configure' from command line to 'False'
[0.437s] Level 5:colcon.colcon_core.verb:set package 'turtlebot3_gazebo' build argument 'ament_cmake_args' from command line to 'None'
[0.437s] Level 5:colcon.colcon_core.verb:set package 'turtlebot3_gazebo' build argument 'catkin_cmake_args' from command line to 'None'
[0.437s] Level 5:colcon.colcon_core.verb:set package 'turtlebot3_gazebo' build argument 'catkin_skip_building_tests' from command line to 'False'
[0.437s] DEBUG:colcon.colcon_core.verb:Building package 'turtlebot3_gazebo' with the following arguments: {'ament_cmake_args': None, 'build_base': '/home/pboon09/turtlebot3_ws/build/turtlebot3_gazebo', 'catkin_cmake_args': None, 'catkin_skip_building_tests': False, 'cmake_args': None, 'cmake_clean_cache': False, 'cmake_clean_first': False, 'cmake_force_configure': False, 'cmake_target': None, 'cmake_target_skip_unavailable': False, 'install_base': '/home/pboon09/turtlebot3_ws/install/turtlebot3_gazebo', 'merge_install': False, 'path': '/home/pboon09/turtlebot3_ws/src/turtlebot3_gazebo', 'symlink_install': False, 'test_result_base': None}
[0.438s] Level 5:colcon.colcon_core.verb:set package 'turtlebot3_simulations' build argument 'cmake_args' from command line to 'None'
[0.438s] Level 5:colcon.colcon_core.verb:set package 'turtlebot3_simulations' build argument 'cmake_target' from command line to 'None'
[0.438s] Level 5:colcon.colcon_core.verb:set package 'turtlebot3_simulations' build argument 'cmake_target_skip_unavailable' from command line to 'False'
[0.438s] Level 5:colcon.colcon_core.verb:set package 'turtlebot3_simulations' build argument 'cmake_clean_cache' from command line to 'False'
[0.438s] Level 5:colcon.colcon_core.verb:set package 'turtlebot3_simulations' build argument 'cmake_clean_first' from command line to 'False'
[0.438s] Level 5:colcon.colcon_core.verb:set package 'turtlebot3_simulations' build argument 'cmake_force_configure' from command line to 'False'
[0.438s] Level 5:colcon.colcon_core.verb:set package 'turtlebot3_simulations' build argument 'ament_cmake_args' from command line to 'None'
[0.438s] Level 5:colcon.colcon_core.verb:set package 'turtlebot3_simulations' build argument 'catkin_cmake_args' from command line to 'None'
[0.438s] Level 5:colcon.colcon_core.verb:set package 'turtlebot3_simulations' build argument 'catkin_skip_building_tests' from command line to 'False'
[0.438s] DEBUG:colcon.colcon_core.verb:Building package 'turtlebot3_simulations' with the following arguments: {'ament_cmake_args': None, 'build_base': '/home/pboon09/turtlebot3_ws/build/turtlebot3_simulations', 'catkin_cmake_args': None, 'catkin_skip_building_tests': False, 'cmake_args': None, 'cmake_clean_cache': False, 'cmake_clean_first': False, 'cmake_force_configure': False, 'cmake_target': None, 'cmake_target_skip_unavailable': False, 'install_base': '/home/pboon09/turtlebot3_ws/install/turtlebot3_simulations', 'merge_install': False, 'path': '/home/pboon09/turtlebot3_ws/src/turtlebot3_simulations', 'symlink_install': False, 'test_result_base': None}
[0.438s] INFO:colcon.colcon_core.executor:Executing jobs using 'parallel' executor
[0.439s] DEBUG:colcon.colcon_parallel_executor.executor.parallel:run_until_complete
[0.439s] INFO:colcon.colcon_ros.task.ament_cmake.build:Building ROS package in '/home/pboon09/turtlebot3_ws/src/turtlebot3_fake_node' with build type 'ament_cmake'
[0.439s] INFO:colcon.colcon_cmake.task.cmake.build:Building CMake package in '/home/pboon09/turtlebot3_ws/src/turtlebot3_fake_node'
[0.442s] INFO:colcon.colcon_core.plugin_system:Skipping extension 'colcon_core.shell.bat': Not used on non-Windows systems
[0.443s] INFO:colcon.colcon_core.shell:Skip shell extension 'powershell' for command environment: Not usable outside of PowerShell
[0.443s] DEBUG:colcon.colcon_core.shell:Skip shell extension 'dsv' for command environment
[0.451s] INFO:colcon.colcon_ros.task.ament_cmake.build:Building ROS package in '/home/pboon09/turtlebot3_ws/src/turtlebot3_gazebo' with build type 'ament_cmake'
[0.451s] INFO:colcon.colcon_cmake.task.cmake.build:Building CMake package in '/home/pboon09/turtlebot3_ws/src/turtlebot3_gazebo'
[0.451s] INFO:colcon.colcon_core.shell:Skip shell extension 'powershell' for command environment: Not usable outside of PowerShell
[0.451s] DEBUG:colcon.colcon_core.shell:Skip shell extension 'dsv' for command environment
[0.465s] DEBUG:colcon.colcon_core.event_handler.log_command:Invoking command in '/home/pboon09/turtlebot3_ws/build/turtlebot3_fake_node': CMAKE_PREFIX_PATH=${CMAKE_PREFIX_PATH}:/home/pboon09/ros2_ws/install/try_topic_py:/home/pboon09/ros2_ws/install/service_py:/home/pboon09/ros2_ws/install/custom_msg_py:/home/pboon09/ros2_ws/install/activity_custom_interface:/home/pboon09/ros2_ws/install/my_py_pkg:/home/pboon09/ros2_ws/install/activity_topic_node:/home/pboon09/ros2_ws/install/activity_service:/home/pboon09/microros_ws/install/sensor_msgs_py:/opt/ros/humble /usr/bin/cmake --build /home/pboon09/turtlebot3_ws/build/turtlebot3_fake_node -- -j12 -l12
[0.472s] DEBUG:colcon.colcon_core.event_handler.log_command:Invoking command in '/home/pboon09/turtlebot3_ws/build/turtlebot3_gazebo': CMAKE_PREFIX_PATH=${CMAKE_PREFIX_PATH}:/home/pboon09/ros2_ws/install/try_topic_py:/home/pboon09/ros2_ws/install/service_py:/home/pboon09/ros2_ws/install/custom_msg_py:/home/pboon09/ros2_ws/install/activity_custom_interface:/home/pboon09/ros2_ws/install/my_py_pkg:/home/pboon09/ros2_ws/install/activity_topic_node:/home/pboon09/ros2_ws/install/activity_service:/home/pboon09/microros_ws/install/sensor_msgs_py:/opt/ros/humble /usr/bin/cmake --build /home/pboon09/turtlebot3_ws/build/turtlebot3_gazebo -- -j12 -l12
[1.349s] DEBUG:colcon.colcon_core.event_handler.log_command:Invoked command in '/home/pboon09/turtlebot3_ws/build/turtlebot3_fake_node' returned '0': CMAKE_PREFIX_PATH=${CMAKE_PREFIX_PATH}:/home/pboon09/ros2_ws/install/try_topic_py:/home/pboon09/ros2_ws/install/service_py:/home/pboon09/ros2_ws/install/custom_msg_py:/home/pboon09/ros2_ws/install/activity_custom_interface:/home/pboon09/ros2_ws/install/my_py_pkg:/home/pboon09/ros2_ws/install/activity_topic_node:/home/pboon09/ros2_ws/install/activity_service:/home/pboon09/microros_ws/install/sensor_msgs_py:/opt/ros/humble /usr/bin/cmake --build /home/pboon09/turtlebot3_ws/build/turtlebot3_fake_node -- -j12 -l12
[1.389s] DEBUG:colcon.colcon_core.event_handler.log_command:Invoked command in '/home/pboon09/turtlebot3_ws/build/turtlebot3_gazebo' returned '0': CMAKE_PREFIX_PATH=${CMAKE_PREFIX_PATH}:/home/pboon09/ros2_ws/install/try_topic_py:/home/pboon09/ros2_ws/install/service_py:/home/pboon09/ros2_ws/install/custom_msg_py:/home/pboon09/ros2_ws/install/activity_custom_interface:/home/pboon09/ros2_ws/install/my_py_pkg:/home/pboon09/ros2_ws/install/activity_topic_node:/home/pboon09/ros2_ws/install/activity_service:/home/pboon09/microros_ws/install/sensor_msgs_py:/opt/ros/humble /usr/bin/cmake --build /home/pboon09/turtlebot3_ws/build/turtlebot3_gazebo -- -j12 -l12
[1.424s] DEBUG:colcon.colcon_core.event_handler.log_command:Invoking command in '/home/pboon09/turtlebot3_ws/build/turtlebot3_fake_node': CMAKE_PREFIX_PATH=${CMAKE_PREFIX_PATH}:/home/pboon09/ros2_ws/install/try_topic_py:/home/pboon09/ros2_ws/install/service_py:/home/pboon09/ros2_ws/install/custom_msg_py:/home/pboon09/ros2_ws/install/activity_custom_interface:/home/pboon09/ros2_ws/install/my_py_pkg:/home/pboon09/ros2_ws/install/activity_topic_node:/home/pboon09/ros2_ws/install/activity_service:/home/pboon09/microros_ws/install/sensor_msgs_py:/opt/ros/humble /usr/bin/cmake --install /home/pboon09/turtlebot3_ws/build/turtlebot3_fake_node
[1.449s] Level 1:colcon.colcon_core.environment:create_environment_scripts_only(turtlebot3_fake_node)
[1.449s] DEBUG:colcon.colcon_core.event_handler.log_command:Invoked command in '/home/pboon09/turtlebot3_ws/build/turtlebot3_fake_node' returned '0': CMAKE_PREFIX_PATH=${CMAKE_PREFIX_PATH}:/home/pboon09/ros2_ws/install/try_topic_py:/home/pboon09/ros2_ws/install/service_py:/home/pboon09/ros2_ws/install/custom_msg_py:/home/pboon09/ros2_ws/install/activity_custom_interface:/home/pboon09/ros2_ws/install/my_py_pkg:/home/pboon09/ros2_ws/install/activity_topic_node:/home/pboon09/ros2_ws/install/activity_service:/home/pboon09/microros_ws/install/sensor_msgs_py:/opt/ros/humble /usr/bin/cmake --install /home/pboon09/turtlebot3_ws/build/turtlebot3_fake_node
[1.453s] Level 1:colcon.colcon_core.environment:checking '/home/pboon09/turtlebot3_ws/install/turtlebot3_fake_node' for CMake module files
[1.454s] Level 1:colcon.colcon_core.environment:checking '/home/pboon09/turtlebot3_ws/install/turtlebot3_fake_node' for CMake config files
[1.454s] Level 1:colcon.colcon_core.shell:create_environment_hook('turtlebot3_fake_node', 'cmake_prefix_path')
[1.454s] INFO:colcon.colcon_core.shell:Creating environment hook '/home/pboon09/turtlebot3_ws/install/turtlebot3_fake_node/share/turtlebot3_fake_node/hook/cmake_prefix_path.ps1'
[1.455s] INFO:colcon.colcon_core.shell:Creating environment descriptor '/home/pboon09/turtlebot3_ws/install/turtlebot3_fake_node/share/turtlebot3_fake_node/hook/cmake_prefix_path.dsv'
[1.455s] INFO:colcon.colcon_core.shell:Creating environment hook '/home/pboon09/turtlebot3_ws/install/turtlebot3_fake_node/share/turtlebot3_fake_node/hook/cmake_prefix_path.sh'
[1.456s] Level 1:colcon.colcon_core.environment:checking '/home/pboon09/turtlebot3_ws/install/turtlebot3_fake_node/lib'
[1.456s] Level 1:colcon.colcon_core.environment:checking '/home/pboon09/turtlebot3_ws/install/turtlebot3_fake_node/bin'
[1.456s] Level 1:colcon.colcon_core.environment:checking '/home/pboon09/turtlebot3_ws/install/turtlebot3_fake_node/lib/pkgconfig/turtlebot3_fake_node.pc'
[1.456s] Level 1:colcon.colcon_core.environment:checking '/home/pboon09/turtlebot3_ws/install/turtlebot3_fake_node/lib/python3.10/site-packages'
[1.456s] Level 1:colcon.colcon_core.environment:checking '/home/pboon09/turtlebot3_ws/install/turtlebot3_fake_node/bin'
[1.457s] INFO:colcon.colcon_core.shell:Creating package script '/home/pboon09/turtlebot3_ws/install/turtlebot3_fake_node/share/turtlebot3_fake_node/package.ps1'
[1.458s] INFO:colcon.colcon_core.shell:Creating package descriptor '/home/pboon09/turtlebot3_ws/install/turtlebot3_fake_node/share/turtlebot3_fake_node/package.dsv'
[1.458s] INFO:colcon.colcon_core.shell:Creating package script '/home/pboon09/turtlebot3_ws/install/turtlebot3_fake_node/share/turtlebot3_fake_node/package.sh'
[1.459s] INFO:colcon.colcon_core.shell:Creating package script '/home/pboon09/turtlebot3_ws/install/turtlebot3_fake_node/share/turtlebot3_fake_node/package.bash'
[1.460s] INFO:colcon.colcon_core.shell:Creating package script '/home/pboon09/turtlebot3_ws/install/turtlebot3_fake_node/share/turtlebot3_fake_node/package.zsh'
[1.461s] Level 1:colcon.colcon_core.environment:create_file_with_runtime_dependencies(/home/pboon09/turtlebot3_ws/install/turtlebot3_fake_node/share/colcon-core/packages/turtlebot3_fake_node)
[1.481s] DEBUG:colcon.colcon_core.event_handler.log_command:Invoking command in '/home/pboon09/turtlebot3_ws/build/turtlebot3_gazebo': CMAKE_PREFIX_PATH=${CMAKE_PREFIX_PATH}:/home/pboon09/ros2_ws/install/try_topic_py:/home/pboon09/ros2_ws/install/service_py:/home/pboon09/ros2_ws/install/custom_msg_py:/home/pboon09/ros2_ws/install/activity_custom_interface:/home/pboon09/ros2_ws/install/my_py_pkg:/home/pboon09/ros2_ws/install/activity_topic_node:/home/pboon09/ros2_ws/install/activity_service:/home/pboon09/microros_ws/install/sensor_msgs_py:/opt/ros/humble /usr/bin/cmake --install /home/pboon09/turtlebot3_ws/build/turtlebot3_gazebo
[1.510s] Level 1:colcon.colcon_core.environment:create_environment_scripts_only(turtlebot3_gazebo)
[1.510s] Level 1:colcon.colcon_core.environment:checking '/home/pboon09/turtlebot3_ws/install/turtlebot3_gazebo' for CMake module files
[1.510s] DEBUG:colcon.colcon_core.event_handler.log_command:Invoked command in '/home/pboon09/turtlebot3_ws/build/turtlebot3_gazebo' returned '0': CMAKE_PREFIX_PATH=${CMAKE_PREFIX_PATH}:/home/pboon09/ros2_ws/install/try_topic_py:/home/pboon09/ros2_ws/install/service_py:/home/pboon09/ros2_ws/install/custom_msg_py:/home/pboon09/ros2_ws/install/activity_custom_interface:/home/pboon09/ros2_ws/install/my_py_pkg:/home/pboon09/ros2_ws/install/activity_topic_node:/home/pboon09/ros2_ws/install/activity_service:/home/pboon09/microros_ws/install/sensor_msgs_py:/opt/ros/humble /usr/bin/cmake --install /home/pboon09/turtlebot3_ws/build/turtlebot3_gazebo
[1.511s] Level 1:colcon.colcon_core.environment:checking '/home/pboon09/turtlebot3_ws/install/turtlebot3_gazebo' for CMake config files
[1.511s] Level 1:colcon.colcon_core.shell:create_environment_hook('turtlebot3_gazebo', 'cmake_prefix_path')
[1.511s] INFO:colcon.colcon_core.shell:Creating environment hook '/home/pboon09/turtlebot3_ws/install/turtlebot3_gazebo/share/turtlebot3_gazebo/hook/cmake_prefix_path.ps1'
[1.512s] INFO:colcon.colcon_core.shell:Creating environment descriptor '/home/pboon09/turtlebot3_ws/install/turtlebot3_gazebo/share/turtlebot3_gazebo/hook/cmake_prefix_path.dsv'
[1.512s] INFO:colcon.colcon_core.shell:Creating environment hook '/home/pboon09/turtlebot3_ws/install/turtlebot3_gazebo/share/turtlebot3_gazebo/hook/cmake_prefix_path.sh'
[1.512s] Level 1:colcon.colcon_core.environment:checking '/home/pboon09/turtlebot3_ws/install/turtlebot3_gazebo/lib'
[1.512s] Level 1:colcon.colcon_core.environment:checking '/home/pboon09/turtlebot3_ws/install/turtlebot3_gazebo/bin'
[1.512s] Level 1:colcon.colcon_core.environment:checking '/home/pboon09/turtlebot3_ws/install/turtlebot3_gazebo/lib/pkgconfig/turtlebot3_gazebo.pc'
[1.513s] Level 1:colcon.colcon_core.environment:checking '/home/pboon09/turtlebot3_ws/install/turtlebot3_gazebo/lib/python3.10/site-packages'
[1.513s] Level 1:colcon.colcon_core.environment:checking '/home/pboon09/turtlebot3_ws/install/turtlebot3_gazebo/bin'
[1.513s] INFO:colcon.colcon_core.shell:Creating package script '/home/pboon09/turtlebot3_ws/install/turtlebot3_gazebo/share/turtlebot3_gazebo/package.ps1'
[1.513s] INFO:colcon.colcon_core.shell:Creating package descriptor '/home/pboon09/turtlebot3_ws/install/turtlebot3_gazebo/share/turtlebot3_gazebo/package.dsv'
[1.514s] INFO:colcon.colcon_core.shell:Creating package script '/home/pboon09/turtlebot3_ws/install/turtlebot3_gazebo/share/turtlebot3_gazebo/package.sh'
[1.514s] INFO:colcon.colcon_core.shell:Creating package script '/home/pboon09/turtlebot3_ws/install/turtlebot3_gazebo/share/turtlebot3_gazebo/package.bash'
[1.514s] INFO:colcon.colcon_core.shell:Creating package script '/home/pboon09/turtlebot3_ws/install/turtlebot3_gazebo/share/turtlebot3_gazebo/package.zsh'
[1.514s] Level 1:colcon.colcon_core.environment:create_file_with_runtime_dependencies(/home/pboon09/turtlebot3_ws/install/turtlebot3_gazebo/share/colcon-core/packages/turtlebot3_gazebo)
[1.521s] Level 1:colcon.colcon_core.environment:create_environment_scripts_only(turtlebot3_fake_node)
[1.522s] Level 1:colcon.colcon_core.environment:checking '/home/pboon09/turtlebot3_ws/install/turtlebot3_fake_node' for CMake module files
[1.522s] Level 1:colcon.colcon_core.environment:checking '/home/pboon09/turtlebot3_ws/install/turtlebot3_fake_node' for CMake config files
[1.523s] Level 1:colcon.colcon_core.shell:create_environment_hook('turtlebot3_fake_node', 'cmake_prefix_path')
[1.523s] INFO:colcon.colcon_core.shell:Creating environment hook '/home/pboon09/turtlebot3_ws/install/turtlebot3_fake_node/share/turtlebot3_fake_node/hook/cmake_prefix_path.ps1'
[1.523s] INFO:colcon.colcon_core.shell:Creating environment descriptor '/home/pboon09/turtlebot3_ws/install/turtlebot3_fake_node/share/turtlebot3_fake_node/hook/cmake_prefix_path.dsv'
[1.524s] INFO:colcon.colcon_core.shell:Creating environment hook '/home/pboon09/turtlebot3_ws/install/turtlebot3_fake_node/share/turtlebot3_fake_node/hook/cmake_prefix_path.sh'
[1.524s] Level 1:colcon.colcon_core.environment:checking '/home/pboon09/turtlebot3_ws/install/turtlebot3_fake_node/lib'
[1.524s] Level 1:colcon.colcon_core.environment:checking '/home/pboon09/turtlebot3_ws/install/turtlebot3_fake_node/bin'
[1.524s] Level 1:colcon.colcon_core.environment:checking '/home/pboon09/turtlebot3_ws/install/turtlebot3_fake_node/lib/pkgconfig/turtlebot3_fake_node.pc'
[1.524s] Level 1:colcon.colcon_core.environment:checking '/home/pboon09/turtlebot3_ws/install/turtlebot3_fake_node/lib/python3.10/site-packages'
[1.524s] Level 1:colcon.colcon_core.environment:checking '/home/pboon09/turtlebot3_ws/install/turtlebot3_fake_node/bin'
[1.525s] INFO:colcon.colcon_core.shell:Creating package script '/home/pboon09/turtlebot3_ws/install/turtlebot3_fake_node/share/turtlebot3_fake_node/package.ps1'
[1.525s] INFO:colcon.colcon_core.shell:Creating package descriptor '/home/pboon09/turtlebot3_ws/install/turtlebot3_fake_node/share/turtlebot3_fake_node/package.dsv'
[1.525s] INFO:colcon.colcon_core.shell:Creating package script '/home/pboon09/turtlebot3_ws/install/turtlebot3_fake_node/share/turtlebot3_fake_node/package.sh'
[1.526s] INFO:colcon.colcon_core.shell:Creating package script '/home/pboon09/turtlebot3_ws/install/turtlebot3_fake_node/share/turtlebot3_fake_node/package.bash'
[1.526s] INFO:colcon.colcon_core.shell:Creating package script '/home/pboon09/turtlebot3_ws/install/turtlebot3_fake_node/share/turtlebot3_fake_node/package.zsh'
[1.526s] Level 1:colcon.colcon_core.environment:create_file_with_runtime_dependencies(/home/pboon09/turtlebot3_ws/install/turtlebot3_fake_node/share/colcon-core/packages/turtlebot3_fake_node)
[1.614s] Level 1:colcon.colcon_core.environment:create_environment_scripts_only(turtlebot3_gazebo)
[1.615s] Level 1:colcon.colcon_core.environment:checking '/home/pboon09/turtlebot3_ws/install/turtlebot3_gazebo' for CMake module files
[1.616s] Level 1:colcon.colcon_core.environment:checking '/home/pboon09/turtlebot3_ws/install/turtlebot3_gazebo' for CMake config files
[1.616s] Level 1:colcon.colcon_core.shell:create_environment_hook('turtlebot3_gazebo', 'cmake_prefix_path')
[1.617s] INFO:colcon.colcon_core.shell:Creating environment hook '/home/pboon09/turtlebot3_ws/install/turtlebot3_gazebo/share/turtlebot3_gazebo/hook/cmake_prefix_path.ps1'
[1.617s] INFO:colcon.colcon_core.shell:Creating environment descriptor '/home/pboon09/turtlebot3_ws/install/turtlebot3_gazebo/share/turtlebot3_gazebo/hook/cmake_prefix_path.dsv'
[1.617s] INFO:colcon.colcon_core.shell:Creating environment hook '/home/pboon09/turtlebot3_ws/install/turtlebot3_gazebo/share/turtlebot3_gazebo/hook/cmake_prefix_path.sh'
[1.617s] Level 1:colcon.colcon_core.environment:checking '/home/pboon09/turtlebot3_ws/install/turtlebot3_gazebo/lib'
[1.618s] Level 1:colcon.colcon_core.environment:checking '/home/pboon09/turtlebot3_ws/install/turtlebot3_gazebo/bin'
[1.618s] Level 1:colcon.colcon_core.environment:checking '/home/pboon09/turtlebot3_ws/install/turtlebot3_gazebo/lib/pkgconfig/turtlebot3_gazebo.pc'
[1.618s] Level 1:colcon.colcon_core.environment:checking '/home/pboon09/turtlebot3_ws/install/turtlebot3_gazebo/lib/python3.10/site-packages'
[1.618s] Level 1:colcon.colcon_core.environment:checking '/home/pboon09/turtlebot3_ws/install/turtlebot3_gazebo/bin'
[1.618s] INFO:colcon.colcon_core.shell:Creating package script '/home/pboon09/turtlebot3_ws/install/turtlebot3_gazebo/share/turtlebot3_gazebo/package.ps1'
[1.618s] INFO:colcon.colcon_core.shell:Creating package descriptor '/home/pboon09/turtlebot3_ws/install/turtlebot3_gazebo/share/turtlebot3_gazebo/package.dsv'
[1.619s] INFO:colcon.colcon_core.shell:Creating package script '/home/pboon09/turtlebot3_ws/install/turtlebot3_gazebo/share/turtlebot3_gazebo/package.sh'
[1.619s] INFO:colcon.colcon_core.shell:Creating package script '/home/pboon09/turtlebot3_ws/install/turtlebot3_gazebo/share/turtlebot3_gazebo/package.bash'
[1.619s] INFO:colcon.colcon_core.shell:Creating package script '/home/pboon09/turtlebot3_ws/install/turtlebot3_gazebo/share/turtlebot3_gazebo/package.zsh'
[1.620s] Level 1:colcon.colcon_core.environment:create_file_with_runtime_dependencies(/home/pboon09/turtlebot3_ws/install/turtlebot3_gazebo/share/colcon-core/packages/turtlebot3_gazebo)
[1.620s] INFO:colcon.colcon_ros.task.ament_cmake.build:Building ROS package in '/home/pboon09/turtlebot3_ws/src/turtlebot3_simulations' with build type 'ament_cmake'
[1.620s] INFO:colcon.colcon_cmake.task.cmake.build:Building CMake package in '/home/pboon09/turtlebot3_ws/src/turtlebot3_simulations'
[1.620s] INFO:colcon.colcon_core.shell:Skip shell extension 'powershell' for command environment: Not usable outside of PowerShell
[1.620s] DEBUG:colcon.colcon_core.shell:Skip shell extension 'dsv' for command environment
[1.640s] DEBUG:colcon.colcon_core.event_handler.log_command:Invoking command in '/home/pboon09/turtlebot3_ws/build/turtlebot3_simulations': CMAKE_PREFIX_PATH=/home/pboon09/turtlebot3_ws/install/turtlebot3_gazebo:/home/pboon09/turtlebot3_ws/install/turtlebot3_fake_node:/home/pboon09/wrg_ros/install/turtlebot3_simulations:/home/pboon09/wrg_ros/install/turtlebot3_gazebo:/home/pboon09/wrg_ros/install/turtlebot3_fake_node:/home/pboon09/turtlebot3_ws/install/turtlebot3_simulations:/home/pboon09/ros2_level2/install/my_robot_bringup:/home/pboon09/ros2_level2/install/my_robot_description:/home/pboon09/ros2_ws/install/try_topic_cpp:/home/pboon09/ros2_ws/install/service_cpp:/home/pboon09/ros2_ws/install/custom_msg_cpp:/home/pboon09/ros2_ws/install/my_robot_interfaces:/home/pboon09/ros2_ws/install/my_robot_bringup:/home/pboon09/ros2_ws/install/my_cpp_pkg:/home/pboon09/microros_ws/install/micro_ros_demos_rclc:/home/pboon09/microros_ws/install/common_interfaces:/home/pboon09/microros_ws/install/visualization_msgs:/home/pboon09/microros_ws/install/test_msgs:/home/pboon09/microros_ws/install/example_interfaces:/home/pboon09/microros_ws/install/action_msgs:/home/pboon09/microros_ws/install/unique_identifier_msgs:/home/pboon09/microros_ws/install/trajectory_msgs:/home/pboon09/microros_ws/install/stereo_msgs:/home/pboon09/microros_ws/install/std_srvs:/home/pboon09/microros_ws/install/shape_msgs:/home/pboon09/microros_ws/install/sensor_msgs:/home/pboon09/microros_ws/install/nav_msgs:/home/pboon09/microros_ws/install/diagnostic_msgs:/home/pboon09/microros_ws/install/geometry_msgs:/home/pboon09/microros_ws/install/actionlib_msgs:/home/pboon09/microros_ws/install/std_msgs:/home/pboon09/microros_ws/install/statistics_msgs:/home/pboon09/microros_ws/install/rosidl_typesupport_microxrcedds_test_msg:/home/pboon09/microros_ws/install/rosidl_typesupport_microxrcedds_cpp_tests:/home/pboon09/microros_ws/install/rmw_microxrcedds:/home/pboon09/microros_ws/install/rosidl_typesupport_microxrcedds_cpp:/home/pboon09/microros_ws/install/rosidl_typesupport_microxrcedds_c_tests:/home/pboon09/microros_ws/install/rosidl_typesupport_microxrcedds_c:/home/pboon09/microros_ws/install/rosgraph_msgs:/home/pboon09/microros_ws/install/rclc_parameter:/home/pboon09/microros_ws/install/rclc:/home/pboon09/microros_ws/install/composition_interfaces:/home/pboon09/microros_ws/install/rcl_interfaces:/home/pboon09/microros_ws/install/microxrcedds_client:/home/pboon09/microros_ws/install/microcdr:/home/pboon09/microros_ws/install/micro_ros_utilities:/home/pboon09/microros_ws/install/micro_ros_setup:/home/pboon09/microros_ws/install/micro_ros_agent:/home/pboon09/microros_ws/install/micro_ros_msgs:/home/pboon09/microros_ws/install/lifecycle_msgs:/home/pboon09/microros_ws/install/complex_msgs:/home/pboon09/microros_ws/install/builtin_interfaces:/home/pboon09/ros2_ws/install/try_topic_py:/home/pboon09/ros2_ws/install/service_py:/home/pboon09/ros2_ws/install/custom_msg_py:/home/pboon09/ros2_ws/install/activity_custom_interface:/home/pboon09/ros2_ws/install/my_py_pkg:/home/pboon09/ros2_ws/install/activity_topic_node:/home/pboon09/ros2_ws/install/activity_service:/home/pboon09/microros_ws/install/sensor_msgs_py:/opt/ros/humble /usr/bin/cmake --build /home/pboon09/turtlebot3_ws/build/turtlebot3_simulations -- -j12 -l12
[1.708s] DEBUG:colcon.colcon_core.event_handler.log_command:Invoked command in '/home/pboon09/turtlebot3_ws/build/turtlebot3_simulations' returned '0': CMAKE_PREFIX_PATH=/home/pboon09/turtlebot3_ws/install/turtlebot3_gazebo:/home/pboon09/turtlebot3_ws/install/turtlebot3_fake_node:/home/pboon09/wrg_ros/install/turtlebot3_simulations:/home/pboon09/wrg_ros/install/turtlebot3_gazebo:/home/pboon09/wrg_ros/install/turtlebot3_fake_node:/home/pboon09/turtlebot3_ws/install/turtlebot3_simulations:/home/pboon09/ros2_level2/install/my_robot_bringup:/home/pboon09/ros2_level2/install/my_robot_description:/home/pboon09/ros2_ws/install/try_topic_cpp:/home/pboon09/ros2_ws/install/service_cpp:/home/pboon09/ros2_ws/install/custom_msg_cpp:/home/pboon09/ros2_ws/install/my_robot_interfaces:/home/pboon09/ros2_ws/install/my_robot_bringup:/home/pboon09/ros2_ws/install/my_cpp_pkg:/home/pboon09/microros_ws/install/micro_ros_demos_rclc:/home/pboon09/microros_ws/install/common_interfaces:/home/pboon09/microros_ws/install/visualization_msgs:/home/pboon09/microros_ws/install/test_msgs:/home/pboon09/microros_ws/install/example_interfaces:/home/pboon09/microros_ws/install/action_msgs:/home/pboon09/microros_ws/install/unique_identifier_msgs:/home/pboon09/microros_ws/install/trajectory_msgs:/home/pboon09/microros_ws/install/stereo_msgs:/home/pboon09/microros_ws/install/std_srvs:/home/pboon09/microros_ws/install/shape_msgs:/home/pboon09/microros_ws/install/sensor_msgs:/home/pboon09/microros_ws/install/nav_msgs:/home/pboon09/microros_ws/install/diagnostic_msgs:/home/pboon09/microros_ws/install/geometry_msgs:/home/pboon09/microros_ws/install/actionlib_msgs:/home/pboon09/microros_ws/install/std_msgs:/home/pboon09/microros_ws/install/statistics_msgs:/home/pboon09/microros_ws/install/rosidl_typesupport_microxrcedds_test_msg:/home/pboon09/microros_ws/install/rosidl_typesupport_microxrcedds_cpp_tests:/home/pboon09/microros_ws/install/rmw_microxrcedds:/home/pboon09/microros_ws/install/rosidl_typesupport_microxrcedds_cpp:/home/pboon09/microros_ws/install/rosidl_typesupport_microxrcedds_c_tests:/home/pboon09/microros_ws/install/rosidl_typesupport_microxrcedds_c:/home/pboon09/microros_ws/install/rosgraph_msgs:/home/pboon09/microros_ws/install/rclc_parameter:/home/pboon09/microros_ws/install/rclc:/home/pboon09/microros_ws/install/composition_interfaces:/home/pboon09/microros_ws/install/rcl_interfaces:/home/pboon09/microros_ws/install/microxrcedds_client:/home/pboon09/microros_ws/install/microcdr:/home/pboon09/microros_ws/install/micro_ros_utilities:/home/pboon09/microros_ws/install/micro_ros_setup:/home/pboon09/microros_ws/install/micro_ros_agent:/home/pboon09/microros_ws/install/micro_ros_msgs:/home/pboon09/microros_ws/install/lifecycle_msgs:/home/pboon09/microros_ws/install/complex_msgs:/home/pboon09/microros_ws/install/builtin_interfaces:/home/pboon09/ros2_ws/install/try_topic_py:/home/pboon09/ros2_ws/install/service_py:/home/pboon09/ros2_ws/install/custom_msg_py:/home/pboon09/ros2_ws/install/activity_custom_interface:/home/pboon09/ros2_ws/install/my_py_pkg:/home/pboon09/ros2_ws/install/activity_topic_node:/home/pboon09/ros2_ws/install/activity_service:/home/pboon09/microros_ws/install/sensor_msgs_py:/opt/ros/humble /usr/bin/cmake --build /home/pboon09/turtlebot3_ws/build/turtlebot3_simulations -- -j12 -l12
[1.761s] DEBUG:colcon.colcon_core.event_handler.log_command:Invoking command in '/home/pboon09/turtlebot3_ws/build/turtlebot3_simulations': CMAKE_PREFIX_PATH=/home/pboon09/turtlebot3_ws/install/turtlebot3_gazebo:/home/pboon09/turtlebot3_ws/install/turtlebot3_fake_node:/home/pboon09/wrg_ros/install/turtlebot3_simulations:/home/pboon09/wrg_ros/install/turtlebot3_gazebo:/home/pboon09/wrg_ros/install/turtlebot3_fake_node:/home/pboon09/turtlebot3_ws/install/turtlebot3_simulations:/home/pboon09/ros2_level2/install/my_robot_bringup:/home/pboon09/ros2_level2/install/my_robot_description:/home/pboon09/ros2_ws/install/try_topic_cpp:/home/pboon09/ros2_ws/install/service_cpp:/home/pboon09/ros2_ws/install/custom_msg_cpp:/home/pboon09/ros2_ws/install/my_robot_interfaces:/home/pboon09/ros2_ws/install/my_robot_bringup:/home/pboon09/ros2_ws/install/my_cpp_pkg:/home/pboon09/microros_ws/install/micro_ros_demos_rclc:/home/pboon09/microros_ws/install/common_interfaces:/home/pboon09/microros_ws/install/visualization_msgs:/home/pboon09/microros_ws/install/test_msgs:/home/pboon09/microros_ws/install/example_interfaces:/home/pboon09/microros_ws/install/action_msgs:/home/pboon09/microros_ws/install/unique_identifier_msgs:/home/pboon09/microros_ws/install/trajectory_msgs:/home/pboon09/microros_ws/install/stereo_msgs:/home/pboon09/microros_ws/install/std_srvs:/home/pboon09/microros_ws/install/shape_msgs:/home/pboon09/microros_ws/install/sensor_msgs:/home/pboon09/microros_ws/install/nav_msgs:/home/pboon09/microros_ws/install/diagnostic_msgs:/home/pboon09/microros_ws/install/geometry_msgs:/home/pboon09/microros_ws/install/actionlib_msgs:/home/pboon09/microros_ws/install/std_msgs:/home/pboon09/microros_ws/install/statistics_msgs:/home/pboon09/microros_ws/install/rosidl_typesupport_microxrcedds_test_msg:/home/pboon09/microros_ws/install/rosidl_typesupport_microxrcedds_cpp_tests:/home/pboon09/microros_ws/install/rmw_microxrcedds:/home/pboon09/microros_ws/install/rosidl_typesupport_microxrcedds_cpp:/home/pboon09/microros_ws/install/rosidl_typesupport_microxrcedds_c_tests:/home/pboon09/microros_ws/install/rosidl_typesupport_microxrcedds_c:/home/pboon09/microros_ws/install/rosgraph_msgs:/home/pboon09/microros_ws/install/rclc_parameter:/home/pboon09/microros_ws/install/rclc:/home/pboon09/microros_ws/install/composition_interfaces:/home/pboon09/microros_ws/install/rcl_interfaces:/home/pboon09/microros_ws/install/microxrcedds_client:/home/pboon09/microros_ws/install/microcdr:/home/pboon09/microros_ws/install/micro_ros_utilities:/home/pboon09/microros_ws/install/micro_ros_setup:/home/pboon09/microros_ws/install/micro_ros_agent:/home/pboon09/microros_ws/install/micro_ros_msgs:/home/pboon09/microros_ws/install/lifecycle_msgs:/home/pboon09/microros_ws/install/complex_msgs:/home/pboon09/microros_ws/install/builtin_interfaces:/home/pboon09/ros2_ws/install/try_topic_py:/home/pboon09/ros2_ws/install/service_py:/home/pboon09/ros2_ws/install/custom_msg_py:/home/pboon09/ros2_ws/install/activity_custom_interface:/home/pboon09/ros2_ws/install/my_py_pkg:/home/pboon09/ros2_ws/install/activity_topic_node:/home/pboon09/ros2_ws/install/activity_service:/home/pboon09/microros_ws/install/sensor_msgs_py:/opt/ros/humble /usr/bin/cmake --install /home/pboon09/turtlebot3_ws/build/turtlebot3_simulations
[1.777s] Level 1:colcon.colcon_core.environment:create_environment_scripts_only(turtlebot3_simulations)
[1.778s] Level 1:colcon.colcon_core.environment:checking '/home/pboon09/turtlebot3_ws/install/turtlebot3_simulations' for CMake module files
[1.778s] DEBUG:colcon.colcon_core.event_handler.log_command:Invoked command in '/home/pboon09/turtlebot3_ws/build/turtlebot3_simulations' returned '0': CMAKE_PREFIX_PATH=/home/pboon09/turtlebot3_ws/install/turtlebot3_gazebo:/home/pboon09/turtlebot3_ws/install/turtlebot3_fake_node:/home/pboon09/wrg_ros/install/turtlebot3_simulations:/home/pboon09/wrg_ros/install/turtlebot3_gazebo:/home/pboon09/wrg_ros/install/turtlebot3_fake_node:/home/pboon09/turtlebot3_ws/install/turtlebot3_simulations:/home/pboon09/ros2_level2/install/my_robot_bringup:/home/pboon09/ros2_level2/install/my_robot_description:/home/pboon09/ros2_ws/install/try_topic_cpp:/home/pboon09/ros2_ws/install/service_cpp:/home/pboon09/ros2_ws/install/custom_msg_cpp:/home/pboon09/ros2_ws/install/my_robot_interfaces:/home/pboon09/ros2_ws/install/my_robot_bringup:/home/pboon09/ros2_ws/install/my_cpp_pkg:/home/pboon09/microros_ws/install/micro_ros_demos_rclc:/home/pboon09/microros_ws/install/common_interfaces:/home/pboon09/microros_ws/install/visualization_msgs:/home/pboon09/microros_ws/install/test_msgs:/home/pboon09/microros_ws/install/example_interfaces:/home/pboon09/microros_ws/install/action_msgs:/home/pboon09/microros_ws/install/unique_identifier_msgs:/home/pboon09/microros_ws/install/trajectory_msgs:/home/pboon09/microros_ws/install/stereo_msgs:/home/pboon09/microros_ws/install/std_srvs:/home/pboon09/microros_ws/install/shape_msgs:/home/pboon09/microros_ws/install/sensor_msgs:/home/pboon09/microros_ws/install/nav_msgs:/home/pboon09/microros_ws/install/diagnostic_msgs:/home/pboon09/microros_ws/install/geometry_msgs:/home/pboon09/microros_ws/install/actionlib_msgs:/home/pboon09/microros_ws/install/std_msgs:/home/pboon09/microros_ws/install/statistics_msgs:/home/pboon09/microros_ws/install/rosidl_typesupport_microxrcedds_test_msg:/home/pboon09/microros_ws/install/rosidl_typesupport_microxrcedds_cpp_tests:/home/pboon09/microros_ws/install/rmw_microxrcedds:/home/pboon09/microros_ws/install/rosidl_typesupport_microxrcedds_cpp:/home/pboon09/microros_ws/install/rosidl_typesupport_microxrcedds_c_tests:/home/pboon09/microros_ws/install/rosidl_typesupport_microxrcedds_c:/home/pboon09/microros_ws/install/rosgraph_msgs:/home/pboon09/microros_ws/install/rclc_parameter:/home/pboon09/microros_ws/install/rclc:/home/pboon09/microros_ws/install/composition_interfaces:/home/pboon09/microros_ws/install/rcl_interfaces:/home/pboon09/microros_ws/install/microxrcedds_client:/home/pboon09/microros_ws/install/microcdr:/home/pboon09/microros_ws/install/micro_ros_utilities:/home/pboon09/microros_ws/install/micro_ros_setup:/home/pboon09/microros_ws/install/micro_ros_agent:/home/pboon09/microros_ws/install/micro_ros_msgs:/home/pboon09/microros_ws/install/lifecycle_msgs:/home/pboon09/microros_ws/install/complex_msgs:/home/pboon09/microros_ws/install/builtin_interfaces:/home/pboon09/ros2_ws/install/try_topic_py:/home/pboon09/ros2_ws/install/service_py:/home/pboon09/ros2_ws/install/custom_msg_py:/home/pboon09/ros2_ws/install/activity_custom_interface:/home/pboon09/ros2_ws/install/my_py_pkg:/home/pboon09/ros2_ws/install/activity_topic_node:/home/pboon09/ros2_ws/install/activity_service:/home/pboon09/microros_ws/install/sensor_msgs_py:/opt/ros/humble /usr/bin/cmake --install /home/pboon09/turtlebot3_ws/build/turtlebot3_simulations
[1.778s] Level 1:colcon.colcon_core.environment:checking '/home/pboon09/turtlebot3_ws/install/turtlebot3_simulations' for CMake config files
[1.779s] Level 1:colcon.colcon_core.shell:create_environment_hook('turtlebot3_simulations', 'cmake_prefix_path')
[1.779s] INFO:colcon.colcon_core.shell:Creating environment hook '/home/pboon09/turtlebot3_ws/install/turtlebot3_simulations/share/turtlebot3_simulations/hook/cmake_prefix_path.ps1'
[1.779s] INFO:colcon.colcon_core.shell:Creating environment descriptor '/home/pboon09/turtlebot3_ws/install/turtlebot3_simulations/share/turtlebot3_simulations/hook/cmake_prefix_path.dsv'
[1.779s] INFO:colcon.colcon_core.shell:Creating environment hook '/home/pboon09/turtlebot3_ws/install/turtlebot3_simulations/share/turtlebot3_simulations/hook/cmake_prefix_path.sh'
[1.780s] Level 1:colcon.colcon_core.environment:checking '/home/pboon09/turtlebot3_ws/install/turtlebot3_simulations/bin'
[1.780s] Level 1:colcon.colcon_core.environment:checking '/home/pboon09/turtlebot3_ws/install/turtlebot3_simulations/lib/pkgconfig/turtlebot3_simulations.pc'
[1.780s] Level 1:colcon.colcon_core.environment:checking '/home/pboon09/turtlebot3_ws/install/turtlebot3_simulations/lib/python3.10/site-packages'
[1.780s] Level 1:colcon.colcon_core.environment:checking '/home/pboon09/turtlebot3_ws/install/turtlebot3_simulations/bin'
[1.780s] INFO:colcon.colcon_core.shell:Creating package script '/home/pboon09/turtlebot3_ws/install/turtlebot3_simulations/share/turtlebot3_simulations/package.ps1'
[1.781s] INFO:colcon.colcon_core.shell:Creating package descriptor '/home/pboon09/turtlebot3_ws/install/turtlebot3_simulations/share/turtlebot3_simulations/package.dsv'
[1.781s] INFO:colcon.colcon_core.shell:Creating package script '/home/pboon09/turtlebot3_ws/install/turtlebot3_simulations/share/turtlebot3_simulations/package.sh'
[1.781s] INFO:colcon.colcon_core.shell:Creating package script '/home/pboon09/turtlebot3_ws/install/turtlebot3_simulations/share/turtlebot3_simulations/package.bash'
[1.781s] INFO:colcon.colcon_core.shell:Creating package script '/home/pboon09/turtlebot3_ws/install/turtlebot3_simulations/share/turtlebot3_simulations/package.zsh'
[1.782s] Level 1:colcon.colcon_core.environment:create_file_with_runtime_dependencies(/home/pboon09/turtlebot3_ws/install/turtlebot3_simulations/share/colcon-core/packages/turtlebot3_simulations)
[1.835s] Level 1:colcon.colcon_core.environment:create_environment_scripts_only(turtlebot3_simulations)
[1.835s] Level 1:colcon.colcon_core.environment:checking '/home/pboon09/turtlebot3_ws/install/turtlebot3_simulations' for CMake module files
[1.836s] Level 1:colcon.colcon_core.environment:checking '/home/pboon09/turtlebot3_ws/install/turtlebot3_simulations' for CMake config files
[1.836s] Level 1:colcon.colcon_core.shell:create_environment_hook('turtlebot3_simulations', 'cmake_prefix_path')
[1.836s] INFO:colcon.colcon_core.shell:Creating environment hook '/home/pboon09/turtlebot3_ws/install/turtlebot3_simulations/share/turtlebot3_simulations/hook/cmake_prefix_path.ps1'
[1.837s] INFO:colcon.colcon_core.shell:Creating environment descriptor '/home/pboon09/turtlebot3_ws/install/turtlebot3_simulations/share/turtlebot3_simulations/hook/cmake_prefix_path.dsv'
[1.837s] INFO:colcon.colcon_core.shell:Creating environment hook '/home/pboon09/turtlebot3_ws/install/turtlebot3_simulations/share/turtlebot3_simulations/hook/cmake_prefix_path.sh'
[1.837s] Level 1:colcon.colcon_core.environment:checking '/home/pboon09/turtlebot3_ws/install/turtlebot3_simulations/bin'
[1.837s] Level 1:colcon.colcon_core.environment:checking '/home/pboon09/turtlebot3_ws/install/turtlebot3_simulations/lib/pkgconfig/turtlebot3_simulations.pc'
[1.837s] Level 1:colcon.colcon_core.environment:checking '/home/pboon09/turtlebot3_ws/install/turtlebot3_simulations/lib/python3.10/site-packages'
[1.837s] Level 1:colcon.colcon_core.environment:checking '/home/pboon09/turtlebot3_ws/install/turtlebot3_simulations/bin'
[1.838s] INFO:colcon.colcon_core.shell:Creating package script '/home/pboon09/turtlebot3_ws/install/turtlebot3_simulations/share/turtlebot3_simulations/package.ps1'
[1.838s] INFO:colcon.colcon_core.shell:Creating package descriptor '/home/pboon09/turtlebot3_ws/install/turtlebot3_simulations/share/turtlebot3_simulations/package.dsv'
[1.838s] INFO:colcon.colcon_core.shell:Creating package script '/home/pboon09/turtlebot3_ws/install/turtlebot3_simulations/share/turtlebot3_simulations/package.sh'
[1.839s] INFO:colcon.colcon_core.shell:Creating package script '/home/pboon09/turtlebot3_ws/install/turtlebot3_simulations/share/turtlebot3_simulations/package.bash'
[1.839s] INFO:colcon.colcon_core.shell:Creating package script '/home/pboon09/turtlebot3_ws/install/turtlebot3_simulations/share/turtlebot3_simulations/package.zsh'
[1.839s] Level 1:colcon.colcon_core.environment:create_file_with_runtime_dependencies(/home/pboon09/turtlebot3_ws/install/turtlebot3_simulations/share/colcon-core/packages/turtlebot3_simulations)
[1.839s] DEBUG:colcon.colcon_parallel_executor.executor.parallel:closing loop
[1.840s] DEBUG:colcon.colcon_parallel_executor.executor.parallel:loop closed
[1.840s] DEBUG:colcon.colcon_parallel_executor.executor.parallel:run_until_complete finished with '0'
[1.840s] DEBUG:colcon.colcon_core.event_reactor:joining thread
[1.846s] INFO:colcon.colcon_core.plugin_system:Skipping extension 'colcon_notification.desktop_notification.terminal_notifier': Not used on non-Darwin systems
[1.846s] INFO:colcon.colcon_core.plugin_system:Skipping extension 'colcon_notification.desktop_notification.win32': Not used on non-Windows systems
[1.846s] INFO:colcon.colcon_notification.desktop_notification:Sending desktop notification using 'notify2'
[1.863s] DEBUG:colcon.colcon_core.event_reactor:joined thread
[1.864s] INFO:colcon.colcon_core.shell:Creating prefix script '/home/pboon09/turtlebot3_ws/install/local_setup.ps1'
[1.864s] INFO:colcon.colcon_core.shell:Creating prefix util module '/home/pboon09/turtlebot3_ws/install/_local_setup_util_ps1.py'
[1.866s] INFO:colcon.colcon_core.shell:Creating prefix chain script '/home/pboon09/turtlebot3_ws/install/setup.ps1'
[1.869s] INFO:colcon.colcon_core.shell:Creating prefix script '/home/pboon09/turtlebot3_ws/install/local_setup.sh'
[1.869s] INFO:colcon.colcon_core.shell:Creating prefix util module '/home/pboon09/turtlebot3_ws/install/_local_setup_util_sh.py'
[1.869s] INFO:colcon.colcon_core.shell:Creating prefix chain script '/home/pboon09/turtlebot3_ws/install/setup.sh'
[1.873s] INFO:colcon.colcon_core.shell:Creating prefix script '/home/pboon09/turtlebot3_ws/install/local_setup.bash'
[1.873s] INFO:colcon.colcon_core.shell:Creating prefix chain script '/home/pboon09/turtlebot3_ws/install/setup.bash'
[1.876s] INFO:colcon.colcon_core.shell:Creating prefix script '/home/pboon09/turtlebot3_ws/install/local_setup.zsh'
[1.877s] INFO:colcon.colcon_core.shell:Creating prefix chain script '/home/pboon09/turtlebot3_ws/install/setup.zsh'
