[0.020s] Invoking command in '/home/pboon09/turtlebot3_ws/build/turtlebot3_fake_node': CMAKE_PREFIX_PATH=${CMAKE_PREFIX_PATH}:/home/pboon09/ros2_ws/install/try_topic_py:/home/pboon09/ros2_ws/install/service_py:/home/pboon09/ros2_ws/install/custom_msg_py:/home/pboon09/ros2_ws/install/activity_custom_interface:/home/pboon09/ros2_ws/install/my_py_pkg:/home/pboon09/ros2_ws/install/activity_topic_node:/home/pboon09/ros2_ws/install/activity_service:/home/pboon09/microros_ws/install/sensor_msgs_py:/opt/ros/humble /usr/bin/cmake --build /home/pboon09/turtlebot3_ws/build/turtlebot3_fake_node -- -j12 -l12
[0.120s] [100%] Built target turtlebot3_fake_node
[0.139s] Invoked command in '/home/pboon09/turtlebot3_ws/build/turtlebot3_fake_node' returned '0': CMAKE_PREFIX_PATH=${CMAKE_PREFIX_PATH}:/home/pboon09/ros2_ws/install/try_topic_py:/home/pboon09/ros2_ws/install/service_py:/home/pboon09/ros2_ws/install/custom_msg_py:/home/pboon09/ros2_ws/install/activity_custom_interface:/home/pboon09/ros2_ws/install/my_py_pkg:/home/pboon09/ros2_ws/install/activity_topic_node:/home/pboon09/ros2_ws/install/activity_service:/home/pboon09/microros_ws/install/sensor_msgs_py:/opt/ros/humble /usr/bin/cmake --build /home/pboon09/turtlebot3_ws/build/turtlebot3_fake_node -- -j12 -l12
[0.214s] Invoking command in '/home/pboon09/turtlebot3_ws/build/turtlebot3_fake_node': CMAKE_PREFIX_PATH=${CMAKE_PREFIX_PATH}:/home/pboon09/ros2_ws/install/try_topic_py:/home/pboon09/ros2_ws/install/service_py:/home/pboon09/ros2_ws/install/custom_msg_py:/home/pboon09/ros2_ws/install/activity_custom_interface:/home/pboon09/ros2_ws/install/my_py_pkg:/home/pboon09/ros2_ws/install/activity_topic_node:/home/pboon09/ros2_ws/install/activity_service:/home/pboon09/microros_ws/install/sensor_msgs_py:/opt/ros/humble /usr/bin/cmake --install /home/pboon09/turtlebot3_ws/build/turtlebot3_fake_node
[0.227s] -- Install configuration: ""
[0.227s] -- Up-to-date: /home/pboon09/turtlebot3_ws/install/turtlebot3_fake_node/lib/turtlebot3_fake_node/turtlebot3_fake_node
[0.227s] -- Up-to-date: /home/pboon09/turtlebot3_ws/install/turtlebot3_fake_node/share/turtlebot3_fake_node/launch
[0.227s] -- Up-to-date: /home/pboon09/turtlebot3_ws/install/turtlebot3_fake_node/share/turtlebot3_fake_node/launch/turtlebot3_fake_node.launch.py
[0.227s] -- Up-to-date: /home/pboon09/turtlebot3_ws/install/turtlebot3_fake_node/share/turtlebot3_fake_node/launch/rviz2.launch.py
[0.228s] -- Up-to-date: /home/pboon09/turtlebot3_ws/install/turtlebot3_fake_node/share/turtlebot3_fake_node/param
[0.228s] -- Up-to-date: /home/pboon09/turtlebot3_ws/install/turtlebot3_fake_node/share/turtlebot3_fake_node/param/waffle_pi.yaml
[0.228s] -- Up-to-date: /home/pboon09/turtlebot3_ws/install/turtlebot3_fake_node/share/turtlebot3_fake_node/param/burger.yaml
[0.228s] -- Up-to-date: /home/pboon09/turtlebot3_ws/install/turtlebot3_fake_node/share/turtlebot3_fake_node/param/waffle.yaml
[0.228s] -- Up-to-date: /home/pboon09/turtlebot3_ws/install/turtlebot3_fake_node/include/
[0.228s] -- Up-to-date: /home/pboon09/turtlebot3_ws/install/turtlebot3_fake_node/include//turtlebot3_fake_node
[0.228s] -- Up-to-date: /home/pboon09/turtlebot3_ws/install/turtlebot3_fake_node/include//turtlebot3_fake_node/turtlebot3_fake_node.hpp
[0.228s] -- Up-to-date: /home/pboon09/turtlebot3_ws/install/turtlebot3_fake_node/share/ament_index/resource_index/package_run_dependencies/turtlebot3_fake_node
[0.228s] -- Up-to-date: /home/pboon09/turtlebot3_ws/install/turtlebot3_fake_node/share/ament_index/resource_index/parent_prefix_path/turtlebot3_fake_node
[0.229s] -- Up-to-date: /home/pboon09/turtlebot3_ws/install/turtlebot3_fake_node/share/turtlebot3_fake_node/environment/ament_prefix_path.sh
[0.229s] -- Up-to-date: /home/pboon09/turtlebot3_ws/install/turtlebot3_fake_node/share/turtlebot3_fake_node/environment/ament_prefix_path.dsv
[0.229s] -- Up-to-date: /home/pboon09/turtlebot3_ws/install/turtlebot3_fake_node/share/turtlebot3_fake_node/environment/path.sh
[0.229s] -- Up-to-date: /home/pboon09/turtlebot3_ws/install/turtlebot3_fake_node/share/turtlebot3_fake_node/environment/path.dsv
[0.229s] -- Up-to-date: /home/pboon09/turtlebot3_ws/install/turtlebot3_fake_node/share/turtlebot3_fake_node/local_setup.bash
[0.229s] -- Up-to-date: /home/pboon09/turtlebot3_ws/install/turtlebot3_fake_node/share/turtlebot3_fake_node/local_setup.sh
[0.229s] -- Up-to-date: /home/pboon09/turtlebot3_ws/install/turtlebot3_fake_node/share/turtlebot3_fake_node/local_setup.zsh
[0.229s] -- Up-to-date: /home/pboon09/turtlebot3_ws/install/turtlebot3_fake_node/share/turtlebot3_fake_node/local_setup.dsv
[0.229s] -- Installing: /home/pboon09/turtlebot3_ws/install/turtlebot3_fake_node/share/turtlebot3_fake_node/package.dsv
[0.229s] -- Up-to-date: /home/pboon09/turtlebot3_ws/install/turtlebot3_fake_node/share/ament_index/resource_index/packages/turtlebot3_fake_node
[0.229s] -- Up-to-date: /home/pboon09/turtlebot3_ws/install/turtlebot3_fake_node/share/turtlebot3_fake_node/cmake/ament_cmake_export_include_directories-extras.cmake
[0.229s] -- Up-to-date: /home/pboon09/turtlebot3_ws/install/turtlebot3_fake_node/share/turtlebot3_fake_node/cmake/ament_cmake_export_dependencies-extras.cmake
[0.229s] -- Up-to-date: /home/pboon09/turtlebot3_ws/install/turtlebot3_fake_node/share/turtlebot3_fake_node/cmake/turtlebot3_fake_nodeConfig.cmake
[0.229s] -- Up-to-date: /home/pboon09/turtlebot3_ws/install/turtlebot3_fake_node/share/turtlebot3_fake_node/cmake/turtlebot3_fake_nodeConfig-version.cmake
[0.229s] -- Up-to-date: /home/pboon09/turtlebot3_ws/install/turtlebot3_fake_node/share/turtlebot3_fake_node/package.xml
[0.230s] Invoked command in '/home/pboon09/turtlebot3_ws/build/turtlebot3_fake_node' returned '0': CMAKE_PREFIX_PATH=${CMAKE_PREFIX_PATH}:/home/pboon09/ros2_ws/install/try_topic_py:/home/pboon09/ros2_ws/install/service_py:/home/pboon09/ros2_ws/install/custom_msg_py:/home/pboon09/ros2_ws/install/activity_custom_interface:/home/pboon09/ros2_ws/install/my_py_pkg:/home/pboon09/ros2_ws/install/activity_topic_node:/home/pboon09/ros2_ws/install/activity_service:/home/pboon09/microros_ws/install/sensor_msgs_py:/opt/ros/humble /usr/bin/cmake --install /home/pboon09/turtlebot3_ws/build/turtlebot3_fake_node
