[0.017s] Invoking command in '/home/pboon09/turtlebot3_ws/build/turtlebot3_gazebo': CMAKE_PREFIX_PATH=${CMAKE_PREFIX_PATH}:/home/pboon09/ros2_ws/install/try_topic_py:/home/pboon09/ros2_ws/install/service_py:/home/pboon09/ros2_ws/install/custom_msg_py:/home/pboon09/ros2_ws/install/activity_custom_interface:/home/pboon09/ros2_ws/install/my_py_pkg:/home/pboon09/ros2_ws/install/activity_topic_node:/home/pboon09/ros2_ws/install/activity_service:/home/pboon09/microros_ws/install/sensor_msgs_py:/opt/ros/humble /usr/bin/cmake /home/pboon09/turtlebot3_ws/src/turtlebot3_gazebo -DCMAKE_INSTALL_PREFIX=/home/pboon09/turtlebot3_ws/install/turtlebot3_gazebo
[0.141s] -- The C compiler identification is GNU 11.4.0
[0.233s] -- The CXX compiler identification is GNU 11.4.0
[0.247s] -- Detecting C compiler ABI info
[0.358s] -- Detecting C compiler ABI info - done
[0.364s] -- Check for working C compiler: /usr/bin/cc - skipped
[0.365s] -- Detecting C compile features
[0.365s] -- Detecting C compile features - done
[0.368s] -- Detecting CXX compiler ABI info
[0.481s] -- Detecting CXX compiler ABI info - done
[0.488s] -- Check for working CXX compiler: /usr/bin/c++ - skipped
[0.489s] -- Detecting CXX compile features
[0.489s] -- Detecting CXX compile features - done
[0.502s] -- Found ament_cmake: 1.3.9 (/opt/ros/humble/share/ament_cmake/cmake)
[0.732s] -- Found Python3: /usr/bin/python3 (found version "3.10.12") found components: Interpreter 
[0.967s] [33mCMake Warning (dev) at /usr/share/cmake-3.22/Modules/FindPackageHandleStandardArgs.cmake:438 (message):
[0.967s]   The package name passed to `find_package_handle_standard_args` (PkgConfig)
[0.967s]   does not match the name of the calling package (gazebo).  This can lead to
[0.967s]   problems in calling code that expects `find_package` result variables
[0.967s]   (e.g., `_FOUND`) to follow a certain pattern.
[0.967s] Call Stack (most recent call first):
[0.967s]   /usr/share/cmake-3.22/Modules/FindPkgConfig.cmake:99 (find_package_handle_standard_args)
[0.968s]   /usr/lib/x86_64-linux-gnu/cmake/gazebo/gazebo-config.cmake:72 (include)
[0.968s]   CMakeLists.txt:23 (find_package)
[0.968s] This warning is for project developers.  Use -Wno-dev to suppress it.
[0.968s] [0m
[0.968s] -- Found PkgConfig: /usr/bin/pkg-config (found version "0.29.2") 
[0.971s] -- Checking for module 'bullet>=2.82'
[1.003s] --   Found bullet, version 3.05
[1.250s] -- Found fcl: /usr/include (found suitable version "0.7.0", minimum required is "0.5.0") 
[1.365s] -- Found assimp: /usr/include (found version "5.2.0") 
[1.427s] -- Found DART: /usr/include (Required is at least version "6.6") found components: dart 
[1.737s] -- Found Boost: /usr/lib/x86_64-linux-gnu/cmake/Boost-1.74.0/BoostConfig.cmake (found suitable version "1.74.0", minimum required is "1.40.0") found components: thread system filesystem program_options regex iostreams date_time 
[1.766s] -- Found Protobuf: /usr/lib/x86_64-linux-gnu/libprotobuf.so (found version "3.12.4") 
[1.786s] -- Looking for ignition-math6 -- found version 6.15.1
[1.801s] -- Searching for dependencies of ignition-math6
[1.804s] -- Looking for OGRE...
[1.804s] -- OGRE_PREFIX_WATCH changed.
[1.812s] -- Checking for module 'OGRE'
[1.842s] --   Found OGRE, version 1.9.0
[1.920s] -- Found Ogre Ghadamon (1.9.0)
[1.939s] -- Found OGRE: optimized;/usr/lib/x86_64-linux-gnu/libOgreMain.so;debug;/usr/lib/x86_64-linux-gnu/libOgreMain.so
[1.948s] -- Looking for OGRE_Paging...
[1.959s] -- Found OGRE_Paging: optimized;/usr/lib/x86_64-linux-gnu/libOgrePaging.so;debug;/usr/lib/x86_64-linux-gnu/libOgrePaging.so
[1.959s] -- Looking for OGRE_Terrain...
[1.970s] -- Found OGRE_Terrain: optimized;/usr/lib/x86_64-linux-gnu/libOgreTerrain.so;debug;/usr/lib/x86_64-linux-gnu/libOgreTerrain.so
[1.970s] -- Looking for OGRE_Property...
[1.981s] -- Found OGRE_Property: optimized;/usr/lib/x86_64-linux-gnu/libOgreProperty.so;debug;/usr/lib/x86_64-linux-gnu/libOgreProperty.so
[1.981s] -- Looking for OGRE_RTShaderSystem...
[1.992s] -- Found OGRE_RTShaderSystem: optimized;/usr/lib/x86_64-linux-gnu/libOgreRTShaderSystem.so;debug;/usr/lib/x86_64-linux-gnu/libOgreRTShaderSystem.so
[1.992s] -- Looking for OGRE_Volume...
[2.003s] -- Found OGRE_Volume: optimized;/usr/lib/x86_64-linux-gnu/libOgreVolume.so;debug;/usr/lib/x86_64-linux-gnu/libOgreVolume.so
[2.003s] -- Looking for OGRE_Overlay...
[2.015s] -- Found OGRE_Overlay: optimized;/usr/lib/x86_64-linux-gnu/libOgreOverlay.so;debug;/usr/lib/x86_64-linux-gnu/libOgreOverlay.so
[2.335s] -- Looking for ignition-math6 -- found version 6.15.1
[2.345s] -- Looking for ignition-transport8 -- found version 8.2.1
[2.345s] -- Searching for dependencies of ignition-transport8
[2.375s] -- Found Protobuf: /usr/lib/x86_64-linux-gnu/libprotobuf.so (found suitable version "3.12.4", minimum required is "3") 
[2.397s] -- Config-file not installed for ZeroMQ -- checking for pkg-config
[2.405s] -- Checking for module 'libzmq >= 4'
[2.438s] --   Found libzmq , version 4.3.4
[2.526s] -- Found ZeroMQ: TRUE (Required is at least version "4") 
[2.537s] -- Checking for module 'uuid'
[2.570s] --   Found uuid, version 2.37.2
[2.648s] -- Found UUID: TRUE  
[2.658s] -- Looking for ignition-msgs5 -- found version 5.8.1
[2.659s] -- Searching for dependencies of ignition-msgs5
[2.690s] -- Looking for ignition-math6 -- found version 6.15.1
[2.699s] -- Checking for module 'tinyxml2'
[2.734s] --   Found tinyxml2, version 9.0.0
[2.817s] -- Looking for ignition-msgs5 -- found version 5.8.1
[2.827s] -- Looking for ignition-common3 -- found version 3.14.0
[2.828s] -- Searching for dependencies of ignition-common3
[2.829s] -- Looking for dlfcn.h - found
[2.830s] -- Looking for libdl - found
[2.832s] -- Found DL: TRUE  
[2.856s] -- Found tinyobjloader: /usr/lib/x86_64-linux-gnu/cmake/tinyobjloader/tinyobjloader-config.cmake (found version "2.0.0") 
[2.857s] -- Searching for <ignition-common3> component [graphics]
[2.867s] -- Looking for ignition-common3-graphics -- found version 3.14.0
[2.867s] -- Searching for dependencies of ignition-common3-graphics
[2.867s] -- Looking for ignition-math6 -- found version 6.15.1
[2.879s] -- Looking for ignition-fuel_tools4 -- found version 4.4.0
[2.879s] -- Searching for dependencies of ignition-fuel_tools4
[3.051s] -- Found CURL: /usr/lib/x86_64-linux-gnu/libcurl.so (found version "7.81.0")  
[3.071s] -- Checking for module 'jsoncpp'
[3.102s] --   Found jsoncpp, version 1.9.5
[3.182s] -- Found JSONCPP: TRUE  
[3.198s] -- Checking for module 'libzip'
[3.231s] --   Found libzip, version 1.7.3
[3.313s] -- Found ZIP: TRUE  
[3.313s] -- Looking for ignition-common3 -- found version 3.14.0
[3.313s] -- Looking for ignition-math6 -- found version 6.15.1
[3.313s] -- Looking for ignition-msgs5 -- found version 5.8.1
[3.335s] -- Found gazebo_ros_pkgs: 3.7.0 (/opt/ros/humble/share/gazebo_ros_pkgs/cmake)
[3.339s] -- Found geometry_msgs: 4.2.4 (/home/pboon09/microros_ws/install/geometry_msgs/share/geometry_msgs/cmake)
[3.436s] -- Found rosidl_generator_c: 3.1.5 (/opt/ros/humble/share/rosidl_generator_c/cmake)
[3.457s] -- Found rosidl_adapter: 3.1.5 (/opt/ros/humble/share/rosidl_adapter/cmake)
[3.480s] -- Found rosidl_generator_cpp: 3.1.5 (/opt/ros/humble/share/rosidl_generator_cpp/cmake)
[3.510s] -- Using all available rosidl_typesupport_c: rosidl_typesupport_microxrcedds_c;rosidl_typesupport_fastrtps_c;rosidl_typesupport_introspection_c
[3.568s] -- Using all available rosidl_typesupport_cpp: rosidl_typesupport_microxrcedds_cpp;rosidl_typesupport_fastrtps_cpp;rosidl_typesupport_introspection_cpp
[3.714s] -- Found nav_msgs: 4.2.4 (/home/pboon09/microros_ws/install/nav_msgs/share/nav_msgs/cmake)
[3.803s] -- Found rclcpp: 16.0.9 (/opt/ros/humble/share/rclcpp/cmake)
[3.926s] -- Found rmw_implementation_cmake: 6.1.2 (/opt/ros/humble/share/rmw_implementation_cmake/cmake)
[3.937s] -- Found rmw_cyclonedds_cpp: 1.3.4 (/opt/ros/humble/share/rmw_cyclonedds_cpp/cmake)
[4.013s] -- Using RMW implementation 'rmw_cyclonedds_cpp' as default
[4.044s] -- Found Threads: TRUE  
[4.180s] -- Found sensor_msgs: 4.2.4 (/home/pboon09/microros_ws/install/sensor_msgs/share/sensor_msgs/cmake)
[4.270s] -- Found tf2: 0.25.7 (/opt/ros/humble/share/tf2/cmake)
[4.380s] -- Configuring done
[4.435s] -- Generating done
[4.437s] -- Build files have been written to: /home/pboon09/turtlebot3_ws/build/turtlebot3_gazebo
[4.451s] Invoked command in '/home/pboon09/turtlebot3_ws/build/turtlebot3_gazebo' returned '0': CMAKE_PREFIX_PATH=${CMAKE_PREFIX_PATH}:/home/pboon09/ros2_ws/install/try_topic_py:/home/pboon09/ros2_ws/install/service_py:/home/pboon09/ros2_ws/install/custom_msg_py:/home/pboon09/ros2_ws/install/activity_custom_interface:/home/pboon09/ros2_ws/install/my_py_pkg:/home/pboon09/ros2_ws/install/activity_topic_node:/home/pboon09/ros2_ws/install/activity_service:/home/pboon09/microros_ws/install/sensor_msgs_py:/opt/ros/humble /usr/bin/cmake /home/pboon09/turtlebot3_ws/src/turtlebot3_gazebo -DCMAKE_INSTALL_PREFIX=/home/pboon09/turtlebot3_ws/install/turtlebot3_gazebo
[4.453s] Invoking command in '/home/pboon09/turtlebot3_ws/build/turtlebot3_gazebo': CMAKE_PREFIX_PATH=${CMAKE_PREFIX_PATH}:/home/pboon09/ros2_ws/install/try_topic_py:/home/pboon09/ros2_ws/install/service_py:/home/pboon09/ros2_ws/install/custom_msg_py:/home/pboon09/ros2_ws/install/activity_custom_interface:/home/pboon09/ros2_ws/install/my_py_pkg:/home/pboon09/ros2_ws/install/activity_topic_node:/home/pboon09/ros2_ws/install/activity_service:/home/pboon09/microros_ws/install/sensor_msgs_py:/opt/ros/humble /usr/bin/cmake --build /home/pboon09/turtlebot3_ws/build/turtlebot3_gazebo -- -j12 -l12
[4.551s] [ 25%] [32mBuilding CXX object CMakeFiles/obstacle2.dir/models/turtlebot3_dqn_world/obstacle_plugin/obstacle2.cc.o[0m
[4.551s] [ 25%] [32mBuilding CXX object CMakeFiles/turtlebot3_drive.dir/src/turtlebot3_drive.cpp.o[0m
[4.554s] [ 50%] [32mBuilding CXX object CMakeFiles/obstacles.dir/models/turtlebot3_dqn_world/obstacle_plugin/obstacles.cc.o[0m
[4.554s] [ 50%] [32mBuilding CXX object CMakeFiles/obstacle1.dir/models/turtlebot3_dqn_world/obstacle_plugin/obstacle1.cc.o[0m
[17.402s] [ 62%] [32m[1mLinking CXX executable turtlebot3_drive[0m
[17.486s] [ 75%] [32m[1mLinking CXX shared library libobstacle1.so[0m
[17.656s] [ 87%] [32m[1mLinking CXX shared library libobstacle2.so[0m
[17.752s] [100%] [32m[1mLinking CXX shared library libobstacles.so[0m
[17.833s] [100%] Built target obstacle1
[17.979s] [100%] Built target obstacle2
[18.052s] [100%] Built target obstacles
[18.159s] [100%] Built target turtlebot3_drive
[18.179s] Invoked command in '/home/pboon09/turtlebot3_ws/build/turtlebot3_gazebo' returned '0': CMAKE_PREFIX_PATH=${CMAKE_PREFIX_PATH}:/home/pboon09/ros2_ws/install/try_topic_py:/home/pboon09/ros2_ws/install/service_py:/home/pboon09/ros2_ws/install/custom_msg_py:/home/pboon09/ros2_ws/install/activity_custom_interface:/home/pboon09/ros2_ws/install/my_py_pkg:/home/pboon09/ros2_ws/install/activity_topic_node:/home/pboon09/ros2_ws/install/activity_service:/home/pboon09/microros_ws/install/sensor_msgs_py:/opt/ros/humble /usr/bin/cmake --build /home/pboon09/turtlebot3_ws/build/turtlebot3_gazebo -- -j12 -l12
[18.270s] Invoking command in '/home/pboon09/turtlebot3_ws/build/turtlebot3_gazebo': CMAKE_PREFIX_PATH=${CMAKE_PREFIX_PATH}:/home/pboon09/ros2_ws/install/try_topic_py:/home/pboon09/ros2_ws/install/service_py:/home/pboon09/ros2_ws/install/custom_msg_py:/home/pboon09/ros2_ws/install/activity_custom_interface:/home/pboon09/ros2_ws/install/my_py_pkg:/home/pboon09/ros2_ws/install/activity_topic_node:/home/pboon09/ros2_ws/install/activity_service:/home/pboon09/microros_ws/install/sensor_msgs_py:/opt/ros/humble /usr/bin/cmake --install /home/pboon09/turtlebot3_ws/build/turtlebot3_gazebo
[18.283s] -- Install configuration: ""
[18.284s] -- Installing: /home/pboon09/turtlebot3_ws/install/turtlebot3_gazebo/lib/turtlebot3_gazebo/turtlebot3_drive
[18.290s] -- Set runtime path of "/home/pboon09/turtlebot3_ws/install/turtlebot3_gazebo/lib/turtlebot3_gazebo/turtlebot3_drive" to ""
[18.291s] -- Installing: /home/pboon09/turtlebot3_ws/install/turtlebot3_gazebo/share/turtlebot3_gazebo//launch
[18.291s] -- Installing: /home/pboon09/turtlebot3_ws/install/turtlebot3_gazebo/share/turtlebot3_gazebo//launch/spawn_turtlebot3.launch.py
[18.291s] -- Installing: /home/pboon09/turtlebot3_ws/install/turtlebot3_gazebo/share/turtlebot3_gazebo//launch/turtlebot3_house.launch.py
[18.291s] -- Installing: /home/pboon09/turtlebot3_ws/install/turtlebot3_gazebo/share/turtlebot3_gazebo//launch/turtlebot3_world.launch.py
[18.291s] -- Installing: /home/pboon09/turtlebot3_ws/install/turtlebot3_gazebo/share/turtlebot3_gazebo//launch/turtlebot3_dqn_stage2.launch.py
[18.291s] -- Installing: /home/pboon09/turtlebot3_ws/install/turtlebot3_gazebo/share/turtlebot3_gazebo//launch/turtlebot3_dqn_stage1.launch.py
[18.291s] -- Installing: /home/pboon09/turtlebot3_ws/install/turtlebot3_gazebo/share/turtlebot3_gazebo//launch/turtlebot3_dqn_stage3.launch.py
[18.291s] -- Installing: /home/pboon09/turtlebot3_ws/install/turtlebot3_gazebo/share/turtlebot3_gazebo//launch/turtlebot3_dqn_stage4.launch.py
[18.292s] -- Installing: /home/pboon09/turtlebot3_ws/install/turtlebot3_gazebo/share/turtlebot3_gazebo//launch/empty_world.launch.py
[18.292s] -- Installing: /home/pboon09/turtlebot3_ws/install/turtlebot3_gazebo/share/turtlebot3_gazebo//launch/robot_state_publisher.launch.py
[18.292s] -- Installing: /home/pboon09/turtlebot3_ws/install/turtlebot3_gazebo/share/turtlebot3_gazebo//models
[18.292s] -- Installing: /home/pboon09/turtlebot3_ws/install/turtlebot3_gazebo/share/turtlebot3_gazebo//models/turtlebot3_house
[18.292s] -- Installing: /home/pboon09/turtlebot3_ws/install/turtlebot3_gazebo/share/turtlebot3_gazebo//models/turtlebot3_house/model.config
[18.292s] -- Installing: /home/pboon09/turtlebot3_ws/install/turtlebot3_gazebo/share/turtlebot3_gazebo//models/turtlebot3_house/model.sdf
[18.292s] -- Installing: /home/pboon09/turtlebot3_ws/install/turtlebot3_gazebo/share/turtlebot3_gazebo//models/turtlebot3_waffle_pi
[18.292s] -- Installing: /home/pboon09/turtlebot3_ws/install/turtlebot3_gazebo/share/turtlebot3_gazebo//models/turtlebot3_waffle_pi/model-1_4_.sdf
[18.292s] -- Installing: /home/pboon09/turtlebot3_ws/install/turtlebot3_gazebo/share/turtlebot3_gazebo//models/turtlebot3_waffle_pi/model.config
[18.293s] -- Installing: /home/pboon09/turtlebot3_ws/install/turtlebot3_gazebo/share/turtlebot3_gazebo//models/turtlebot3_waffle_pi/model.sdf
[18.293s] -- Installing: /home/pboon09/turtlebot3_ws/install/turtlebot3_gazebo/share/turtlebot3_gazebo//models/turtlebot3_common
[18.293s] -- Installing: /home/pboon09/turtlebot3_ws/install/turtlebot3_gazebo/share/turtlebot3_gazebo//models/turtlebot3_common/model.config
[18.293s] -- Installing: /home/pboon09/turtlebot3_ws/install/turtlebot3_gazebo/share/turtlebot3_gazebo//models/turtlebot3_common/meshes
[18.293s] -- Installing: /home/pboon09/turtlebot3_ws/install/turtlebot3_gazebo/share/turtlebot3_gazebo//models/turtlebot3_common/meshes/waffle_base.dae
[18.293s] -- Installing: /home/pboon09/turtlebot3_ws/install/turtlebot3_gazebo/share/turtlebot3_gazebo//models/turtlebot3_common/meshes/r200.dae
[18.293s] -- Installing: /home/pboon09/turtlebot3_ws/install/turtlebot3_gazebo/share/turtlebot3_gazebo//models/turtlebot3_common/meshes/burger_base.dae
[18.294s] -- Installing: /home/pboon09/turtlebot3_ws/install/turtlebot3_gazebo/share/turtlebot3_gazebo//models/turtlebot3_common/meshes/waffle_pi_base.dae
[18.294s] -- Installing: /home/pboon09/turtlebot3_ws/install/turtlebot3_gazebo/share/turtlebot3_gazebo//models/turtlebot3_common/meshes/lds.dae
[18.294s] -- Installing: /home/pboon09/turtlebot3_ws/install/turtlebot3_gazebo/share/turtlebot3_gazebo//models/turtlebot3_common/meshes/tire.dae
[18.294s] -- Installing: /home/pboon09/turtlebot3_ws/install/turtlebot3_gazebo/share/turtlebot3_gazebo//models/turtlebot3_waffle
[18.294s] -- Installing: /home/pboon09/turtlebot3_ws/install/turtlebot3_gazebo/share/turtlebot3_gazebo//models/turtlebot3_waffle/model.config
[18.294s] -- Installing: /home/pboon09/turtlebot3_ws/install/turtlebot3_gazebo/share/turtlebot3_gazebo//models/turtlebot3_waffle/model.sdf
[18.294s] -- Installing: /home/pboon09/turtlebot3_ws/install/turtlebot3_gazebo/share/turtlebot3_gazebo//models/turtlebot3_waffle/model-1_4.sdf
[18.294s] -- Installing: /home/pboon09/turtlebot3_ws/install/turtlebot3_gazebo/share/turtlebot3_gazebo//models/turtlebot3_dqn_world
[18.295s] -- Installing: /home/pboon09/turtlebot3_ws/install/turtlebot3_gazebo/share/turtlebot3_gazebo//models/turtlebot3_dqn_world/goal_box
[18.295s] -- Installing: /home/pboon09/turtlebot3_ws/install/turtlebot3_gazebo/share/turtlebot3_gazebo//models/turtlebot3_dqn_world/goal_box/model.config
[18.295s] -- Installing: /home/pboon09/turtlebot3_ws/install/turtlebot3_gazebo/share/turtlebot3_gazebo//models/turtlebot3_dqn_world/goal_box/model.sdf
[18.295s] -- Installing: /home/pboon09/turtlebot3_ws/install/turtlebot3_gazebo/share/turtlebot3_gazebo//models/turtlebot3_dqn_world/model.config
[18.295s] -- Installing: /home/pboon09/turtlebot3_ws/install/turtlebot3_gazebo/share/turtlebot3_gazebo//models/turtlebot3_dqn_world/inner_walls
[18.295s] -- Installing: /home/pboon09/turtlebot3_ws/install/turtlebot3_gazebo/share/turtlebot3_gazebo//models/turtlebot3_dqn_world/inner_walls/model.config
[18.295s] -- Installing: /home/pboon09/turtlebot3_ws/install/turtlebot3_gazebo/share/turtlebot3_gazebo//models/turtlebot3_dqn_world/inner_walls/model.sdf
[18.295s] -- Installing: /home/pboon09/turtlebot3_ws/install/turtlebot3_gazebo/share/turtlebot3_gazebo//models/turtlebot3_dqn_world/obstacle_plugin
[18.295s] -- Installing: /home/pboon09/turtlebot3_ws/install/turtlebot3_gazebo/share/turtlebot3_gazebo//models/turtlebot3_dqn_world/obstacle_plugin/obstacle1.cc
[18.296s] -- Installing: /home/pboon09/turtlebot3_ws/install/turtlebot3_gazebo/share/turtlebot3_gazebo//models/turtlebot3_dqn_world/obstacle_plugin/obstacles.cc
[18.296s] -- Installing: /home/pboon09/turtlebot3_ws/install/turtlebot3_gazebo/share/turtlebot3_gazebo//models/turtlebot3_dqn_world/obstacle_plugin/CMakeLists.txt
[18.296s] -- Installing: /home/pboon09/turtlebot3_ws/install/turtlebot3_gazebo/share/turtlebot3_gazebo//models/turtlebot3_dqn_world/obstacle_plugin/obstacle2.cc
[18.296s] -- Installing: /home/pboon09/turtlebot3_ws/install/turtlebot3_gazebo/share/turtlebot3_gazebo//models/turtlebot3_dqn_world/model.sdf
[18.296s] -- Installing: /home/pboon09/turtlebot3_ws/install/turtlebot3_gazebo/share/turtlebot3_gazebo//models/turtlebot3_dqn_world/obstacle1
[18.296s] -- Installing: /home/pboon09/turtlebot3_ws/install/turtlebot3_gazebo/share/turtlebot3_gazebo//models/turtlebot3_dqn_world/obstacle1/model.config
[18.296s] -- Installing: /home/pboon09/turtlebot3_ws/install/turtlebot3_gazebo/share/turtlebot3_gazebo//models/turtlebot3_dqn_world/obstacle1/model.sdf
[18.296s] -- Installing: /home/pboon09/turtlebot3_ws/install/turtlebot3_gazebo/share/turtlebot3_gazebo//models/turtlebot3_dqn_world/obstacle2
[18.296s] -- Installing: /home/pboon09/turtlebot3_ws/install/turtlebot3_gazebo/share/turtlebot3_gazebo//models/turtlebot3_dqn_world/obstacle2/model.config
[18.297s] -- Installing: /home/pboon09/turtlebot3_ws/install/turtlebot3_gazebo/share/turtlebot3_gazebo//models/turtlebot3_dqn_world/obstacle2/model.sdf
[18.297s] -- Installing: /home/pboon09/turtlebot3_ws/install/turtlebot3_gazebo/share/turtlebot3_gazebo//models/turtlebot3_dqn_world/obstacles
[18.297s] -- Installing: /home/pboon09/turtlebot3_ws/install/turtlebot3_gazebo/share/turtlebot3_gazebo//models/turtlebot3_dqn_world/obstacles/model.config
[18.297s] -- Installing: /home/pboon09/turtlebot3_ws/install/turtlebot3_gazebo/share/turtlebot3_gazebo//models/turtlebot3_dqn_world/obstacles/model.sdf
[18.297s] -- Installing: /home/pboon09/turtlebot3_ws/install/turtlebot3_gazebo/share/turtlebot3_gazebo//models/turtlebot3_world
[18.297s] -- Installing: /home/pboon09/turtlebot3_ws/install/turtlebot3_gazebo/share/turtlebot3_gazebo//models/turtlebot3_world/model.config
[18.297s] -- Installing: /home/pboon09/turtlebot3_ws/install/turtlebot3_gazebo/share/turtlebot3_gazebo//models/turtlebot3_world/model.sdf
[18.297s] -- Installing: /home/pboon09/turtlebot3_ws/install/turtlebot3_gazebo/share/turtlebot3_gazebo//models/turtlebot3_world/model-1_4.sdf
[18.298s] -- Installing: /home/pboon09/turtlebot3_ws/install/turtlebot3_gazebo/share/turtlebot3_gazebo//models/turtlebot3_world/meshes
[18.298s] -- Installing: /home/pboon09/turtlebot3_ws/install/turtlebot3_gazebo/share/turtlebot3_gazebo//models/turtlebot3_world/meshes/wall.dae
[18.298s] -- Installing: /home/pboon09/turtlebot3_ws/install/turtlebot3_gazebo/share/turtlebot3_gazebo//models/turtlebot3_world/meshes/hexagon.dae
[18.298s] -- Installing: /home/pboon09/turtlebot3_ws/install/turtlebot3_gazebo/share/turtlebot3_gazebo//models/turtlebot3_burger
[18.298s] -- Installing: /home/pboon09/turtlebot3_ws/install/turtlebot3_gazebo/share/turtlebot3_gazebo//models/turtlebot3_burger/model.config
[18.298s] -- Installing: /home/pboon09/turtlebot3_ws/install/turtlebot3_gazebo/share/turtlebot3_gazebo//models/turtlebot3_burger/model.sdf
[18.298s] -- Installing: /home/pboon09/turtlebot3_ws/install/turtlebot3_gazebo/share/turtlebot3_gazebo//models/turtlebot3_burger/model-1_4.sdf
[18.298s] -- Installing: /home/pboon09/turtlebot3_ws/install/turtlebot3_gazebo/share/turtlebot3_gazebo//rviz
[18.298s] -- Installing: /home/pboon09/turtlebot3_ws/install/turtlebot3_gazebo/share/turtlebot3_gazebo//rviz/tb3_gazebo.rviz
[18.298s] -- Installing: /home/pboon09/turtlebot3_ws/install/turtlebot3_gazebo/share/turtlebot3_gazebo//urdf
[18.299s] -- Installing: /home/pboon09/turtlebot3_ws/install/turtlebot3_gazebo/share/turtlebot3_gazebo//urdf/turtlebot3_waffle.urdf
[18.299s] -- Installing: /home/pboon09/turtlebot3_ws/install/turtlebot3_gazebo/share/turtlebot3_gazebo//urdf/turtlebot3_waffle_pi.urdf
[18.299s] -- Installing: /home/pboon09/turtlebot3_ws/install/turtlebot3_gazebo/share/turtlebot3_gazebo//urdf/common_properties.urdf
[18.299s] -- Installing: /home/pboon09/turtlebot3_ws/install/turtlebot3_gazebo/share/turtlebot3_gazebo//urdf/turtlebot3_burger.urdf
[18.299s] -- Installing: /home/pboon09/turtlebot3_ws/install/turtlebot3_gazebo/share/turtlebot3_gazebo//worlds
[18.299s] -- Installing: /home/pboon09/turtlebot3_ws/install/turtlebot3_gazebo/share/turtlebot3_gazebo//worlds/turtlebot3_dqn_stage3.world
[18.299s] -- Installing: /home/pboon09/turtlebot3_ws/install/turtlebot3_gazebo/share/turtlebot3_gazebo//worlds/turtlebot3_world.world
[18.299s] -- Installing: /home/pboon09/turtlebot3_ws/install/turtlebot3_gazebo/share/turtlebot3_gazebo//worlds/turtlebot3_house.world
[18.299s] -- Installing: /home/pboon09/turtlebot3_ws/install/turtlebot3_gazebo/share/turtlebot3_gazebo//worlds/empty_world.world
[18.300s] -- Installing: /home/pboon09/turtlebot3_ws/install/turtlebot3_gazebo/share/turtlebot3_gazebo//worlds/turtlebot3_dqn_stage2.world
[18.300s] -- Installing: /home/pboon09/turtlebot3_ws/install/turtlebot3_gazebo/share/turtlebot3_gazebo//worlds/turtlebot3_dqn_stage1.world
[18.300s] -- Installing: /home/pboon09/turtlebot3_ws/install/turtlebot3_gazebo/share/turtlebot3_gazebo//worlds/turtlebot3_dqn_stage4.world
[18.300s] -- Installing: /home/pboon09/turtlebot3_ws/install/turtlebot3_gazebo/include/
[18.300s] -- Installing: /home/pboon09/turtlebot3_ws/install/turtlebot3_gazebo/include//turtlebot3_gazebo
[18.300s] -- Installing: /home/pboon09/turtlebot3_ws/install/turtlebot3_gazebo/include//turtlebot3_gazebo/turtlebot3_drive.hpp
[18.300s] -- Installing: /home/pboon09/turtlebot3_ws/install/turtlebot3_gazebo/share/ament_index/resource_index/package_run_dependencies/turtlebot3_gazebo
[18.301s] -- Installing: /home/pboon09/turtlebot3_ws/install/turtlebot3_gazebo/share/ament_index/resource_index/parent_prefix_path/turtlebot3_gazebo
[18.301s] -- Installing: /home/pboon09/turtlebot3_ws/install/turtlebot3_gazebo/share/turtlebot3_gazebo/environment/ament_prefix_path.sh
[18.301s] -- Installing: /home/pboon09/turtlebot3_ws/install/turtlebot3_gazebo/share/turtlebot3_gazebo/environment/ament_prefix_path.dsv
[18.301s] -- Installing: /home/pboon09/turtlebot3_ws/install/turtlebot3_gazebo/share/turtlebot3_gazebo/environment/path.sh
[18.301s] -- Installing: /home/pboon09/turtlebot3_ws/install/turtlebot3_gazebo/share/turtlebot3_gazebo/environment/path.dsv
[18.301s] -- Installing: /home/pboon09/turtlebot3_ws/install/turtlebot3_gazebo/share/turtlebot3_gazebo/local_setup.bash
[18.301s] -- Installing: /home/pboon09/turtlebot3_ws/install/turtlebot3_gazebo/share/turtlebot3_gazebo/local_setup.sh
[18.302s] -- Installing: /home/pboon09/turtlebot3_ws/install/turtlebot3_gazebo/share/turtlebot3_gazebo/local_setup.zsh
[18.302s] -- Installing: /home/pboon09/turtlebot3_ws/install/turtlebot3_gazebo/share/turtlebot3_gazebo/local_setup.dsv
[18.302s] -- Installing: /home/pboon09/turtlebot3_ws/install/turtlebot3_gazebo/share/turtlebot3_gazebo/package.dsv
[18.302s] -- Installing: /home/pboon09/turtlebot3_ws/install/turtlebot3_gazebo/share/ament_index/resource_index/packages/turtlebot3_gazebo
[18.302s] -- Installing: /home/pboon09/turtlebot3_ws/install/turtlebot3_gazebo/share/turtlebot3_gazebo/cmake/ament_cmake_export_include_directories-extras.cmake
[18.302s] -- Installing: /home/pboon09/turtlebot3_ws/install/turtlebot3_gazebo/share/turtlebot3_gazebo/cmake/ament_cmake_export_dependencies-extras.cmake
[18.302s] -- Installing: /home/pboon09/turtlebot3_ws/install/turtlebot3_gazebo/share/turtlebot3_gazebo/cmake/turtlebot3_gazeboConfig.cmake
[18.303s] -- Installing: /home/pboon09/turtlebot3_ws/install/turtlebot3_gazebo/share/turtlebot3_gazebo/cmake/turtlebot3_gazeboConfig-version.cmake
[18.303s] -- Installing: /home/pboon09/turtlebot3_ws/install/turtlebot3_gazebo/share/turtlebot3_gazebo/package.xml
[18.307s] Invoked command in '/home/pboon09/turtlebot3_ws/build/turtlebot3_gazebo' returned '0': CMAKE_PREFIX_PATH=${CMAKE_PREFIX_PATH}:/home/pboon09/ros2_ws/install/try_topic_py:/home/pboon09/ros2_ws/install/service_py:/home/pboon09/ros2_ws/install/custom_msg_py:/home/pboon09/ros2_ws/install/activity_custom_interface:/home/pboon09/ros2_ws/install/my_py_pkg:/home/pboon09/ros2_ws/install/activity_topic_node:/home/pboon09/ros2_ws/install/activity_service:/home/pboon09/microros_ws/install/sensor_msgs_py:/opt/ros/humble /usr/bin/cmake --install /home/pboon09/turtlebot3_ws/build/turtlebot3_gazebo
